#
# There is insufficient memory for the Java Runtime Environment to continue.
# Native memory allocation (mmap) failed to map 290455552 bytes for committing reserved memory.
# Possible reasons:
#   The system is out of physical RAM or swap space
#   The process is running with CompressedOops enabled, and the Java Heap may be blocking the growth of the native heap
# Possible solutions:
#   Reduce memory load on the system
#   Increase physical memory or swap space
#   Check if swap backing store is full
#   Decrease Java heap size (-Xmx/-Xms)
#   Decrease number of Java threads
#   Decrease Java thread stack sizes (-Xss)
#   Set larger code cache with -XX:ReservedCodeCacheSize=
#   JVM is running with Unscaled Compressed Oops mode in which the Java heap is
#     placed in the first 4GB address space. The Java Heap base address is the
#     maximum limit for the native heap growth. Please use -XX:HeapBaseMinAddress
#     to set the Java Heap base and to place the Java Heap above 4GB virtual address.
# This output file may be truncated or incomplete.
#
#  Out of Memory Error (os_linux.cpp:2893), pid=8702, tid=8716
#
# JRE version: OpenJDK Runtime Environment (11.0.4+11) (build 11.0.4+11-post-Ubuntu-1ubuntu219.04)
# Java VM: OpenJDK 64-Bit Server VM (11.0.4+11-post-Ubuntu-1ubuntu219.04, mixed mode, sharing, tiered, compressed oops, g1 gc, linux-amd64)
# Core dump will be written. Default location: Core dumps may be processed with "/usr/share/apport/apport %p %s %c %d %P" (or dumping to /home/vutrian/eclipse-workspace/nhom12-oop/core.8702)
#

---------------  S U M M A R Y ------------

Command Line: -Dfile.encoding=UTF-8 nhom12_oop.nhom12_oop.App

Host: Intel(R) Core(TM) i5-8250U CPU @ 1.60GHz, 8 cores, 3G, Ubuntu 19.04
Time: Wed Nov 27 18:23:35 2019 +07 elapsed time: 1008 seconds (0d 0h 16m 48s)

---------------  T H R E A D  ---------------

Current thread (0x00007f91840c4000):  VMThread "VM Thread" [stack: 0x00007f91575fc000,0x00007f91576fc000] [id=8716]

Stack: [0x00007f91575fc000,0x00007f91576fc000],  sp=0x00007f91576fa000,  free space=1016k
Native frames: (J=compiled Java code, A=aot compiled Java code, j=interpreted, Vv=VM code, C=native code)
V  [libjvm.so+0xd1b33e]
V  [libjvm.so+0xd1bf8b]
V  [libjvm.so+0x619865]
V  [libjvm.so+0xb28278]
V  [libjvm.so+0xb1f0cd]
V  [libjvm.so+0x731cff]
V  [libjvm.so+0x7320ae]
V  [libjvm.so+0x73b3a6]
V  [libjvm.so+0x7b1eb4]
V  [libjvm.so+0x7b2ac0]
V  [libjvm.so+0x7b2ee7]
V  [libjvm.so+0x6f0940]
V  [libjvm.so+0x6f5353]
V  [libjvm.so+0xd26d64]
V  [libjvm.so+0xd259c8]
V  [libjvm.so+0xd23117]
V  [libjvm.so+0xd237a8]
V  [libjvm.so+0xd23a73]
V  [libjvm.so+0xcbbee4]
V  [libjvm.so+0xb2cbee]

VM_Operation (0x00007f9189334170): G1CollectForAllocation, mode: safepoint, requested by thread 0x00007f9184011800


---------------  P R O C E S S  ---------------

Threads class SMR info:
_java_thread_list=0x00007f9184638400, length=11, elements={
0x00007f9184011800, 0x00007f91840c7000, 0x00007f91840c9000, 0x00007f91840cf000,
0x00007f91840d1800, 0x00007f91840d3800, 0x00007f91840d5800, 0x00007f918412c800,
0x00007f9184135000, 0x00007f9184545000, 0x00007f91848ef000
}

Java Threads: ( => current thread )
  0x00007f9184011800 JavaThread "main" [_thread_blocked, id=8709, stack(0x00007f9189235000,0x00007f9189336000)]
  0x00007f91840c7000 JavaThread "Reference Handler" daemon [_thread_blocked, id=8717, stack(0x00007f91574f9000,0x00007f91575fa000)]
  0x00007f91840c9000 JavaThread "Finalizer" daemon [_thread_blocked, id=8718, stack(0x00007f91573f8000,0x00007f91574f9000)]
  0x00007f91840cf000 JavaThread "Signal Dispatcher" daemon [_thread_blocked, id=8719, stack(0x00007f9156252000,0x00007f9156353000)]
  0x00007f91840d1800 JavaThread "C2 CompilerThread0" daemon [_thread_blocked, id=8720, stack(0x00007f9156151000,0x00007f9156252000)]
  0x00007f91840d3800 JavaThread "C1 CompilerThread0" daemon [_thread_blocked, id=8721, stack(0x00007f9156050000,0x00007f9156151000)]
  0x00007f91840d5800 JavaThread "Sweeper thread" daemon [_thread_blocked, id=8722, stack(0x00007f9155f4f000,0x00007f9156050000)]
  0x00007f918412c800 JavaThread "Service Thread" daemon [_thread_blocked, id=8723, stack(0x00007f9155e4e000,0x00007f9155f4f000)]
  0x00007f9184135000 JavaThread "Common-Cleaner" daemon [_thread_blocked, id=8725, stack(0x00007f9155c4b000,0x00007f9155d4c000)]
  0x00007f9184545000 JavaThread "Timer-0" daemon [_thread_blocked, id=8726, stack(0x00007f9155aed000,0x00007f9155bee000)]
  0x00007f91848ef000 JavaThread "Thread-17" [_thread_in_native, id=9310, stack(0x00007f91557ec000,0x00007f91558ed000)]

Other Threads:
=>0x00007f91840c4000 VMThread "VM Thread" [stack: 0x00007f91575fc000,0x00007f91576fc000] [id=8716]
  0x00007f918412f000 WatcherThread [stack: 0x00007f9155d4e000,0x00007f9155e4e000] [id=8724]
  0x00007f9184027800 GCTaskThread "GC Thread#0" [stack: 0x00007f9188eec000,0x00007f9188fec000] [id=8710]
  0x00007f914c001000 GCTaskThread "GC Thread#1" [stack: 0x00007f91556ec000,0x00007f91557ec000] [id=8729]
  0x00007f914c002800 GCTaskThread "GC Thread#2" [stack: 0x00007f91555ea000,0x00007f91556ea000] [id=8730]
  0x00007f914c004000 GCTaskThread "GC Thread#3" [stack: 0x00007f91554e8000,0x00007f91555e8000] [id=8731]
  0x00007f914c062000 GCTaskThread "GC Thread#4" [stack: 0x00007f91550b3000,0x00007f91551b3000] [id=9320]
  0x00007f9184042000 ConcurrentGCThread "G1 Main Marker" [stack: 0x00007f9188007000,0x00007f9188107000] [id=8711]
  0x00007f9184044000 ConcurrentGCThread "G1 Conc#0" [stack: 0x00007f916c856000,0x00007f916c956000] [id=8712]
  0x00007f9160001000 ConcurrentGCThread "G1 Conc#1" [stack: 0x00007f91551b5000,0x00007f91552b5000] [id=8792]
  0x00007f9184096000 ConcurrentGCThread "G1 Refine#0" [stack: 0x00007f9164110000,0x00007f9164210000] [id=8714]
  0x00007f9184098000 ConcurrentGCThread "G1 Young RemSet Sampling" [stack: 0x00007f916400e000,0x00007f916410e000] [id=8715]

Threads with active compile tasks:

VM state:at safepoint (normal execution)

VM Mutex/Monitor currently owned by a thread:  ([mutex/lock_event])
[0x00007f918400e3c0] Threads_lock - owner thread: 0x00007f91840c4000
[0x00007f918400eb10] Heap_lock - owner thread: 0x00007f9184011800

Heap address: 0x00000000c4200000, size: 958 MB, Compressed Oops mode: 32-bit
Narrow klass base: 0x0000000800000000, Narrow klass shift: 3
Compressed class space size: 1073741824 Address: 0x0000000840000000

Heap:
 garbage-first heap   total 507904K, used 164911K [0x00000000c4200000, 0x0000000100000000)
  region size 1024K, 1 young (1024K), 1 survivors (1024K)
 Metaspace       used 15089K, capacity 15709K, committed 15872K, reserved 1062912K
  class space    used 1668K, capacity 1975K, committed 2048K, reserved 1048576K
Heap Regions: E=young(eden), S=young(survivor), O=old, HS=humongous(starts), HC=humongous(continues), CS=collection set, F=free, A=archive, TAMS=top-at-mark-start (previous, next)
|   0|0x00000000c4200000, 0x00000000c4300000, 0x00000000c4300000|100%| O|  |TAMS 0x00000000c4300000, 0x00000000c4200000| Untracked 
|   1|0x00000000c4300000, 0x00000000c4400000, 0x00000000c4400000|100%| O|  |TAMS 0x00000000c4400000, 0x00000000c4300000| Untracked 
|   2|0x00000000c4400000, 0x00000000c4500000, 0x00000000c4500000|100%| O|  |TAMS 0x00000000c4500000, 0x00000000c4400000| Untracked 
|   3|0x00000000c4500000, 0x00000000c4600000, 0x00000000c4600000|100%| O|  |TAMS 0x00000000c4600000, 0x00000000c4500000| Untracked 
|   4|0x00000000c4600000, 0x00000000c4700000, 0x00000000c4700000|100%| O|  |TAMS 0x00000000c4700000, 0x00000000c4600000| Untracked 
|   5|0x00000000c4700000, 0x00000000c4800000, 0x00000000c4800000|100%| O|  |TAMS 0x00000000c4800000, 0x00000000c4700000| Untracked 
|   6|0x00000000c4800000, 0x00000000c4900000, 0x00000000c4900000|100%| O|  |TAMS 0x00000000c4900000, 0x00000000c4800000| Untracked 
|   7|0x00000000c4900000, 0x00000000c4a00000, 0x00000000c4a00000|100%| O|  |TAMS 0x00000000c4a00000, 0x00000000c4900000| Untracked 
|   8|0x00000000c4a00000, 0x00000000c4b00000, 0x00000000c4b00000|100%| O|  |TAMS 0x00000000c4b00000, 0x00000000c4a00000| Untracked 
|   9|0x00000000c4b00000, 0x00000000c4c00000, 0x00000000c4c00000|100%| O|  |TAMS 0x00000000c4c00000, 0x00000000c4b00000| Untracked 
|  10|0x00000000c4c00000, 0x00000000c4d00000, 0x00000000c4d00000|100%| O|  |TAMS 0x00000000c4c00000, 0x00000000c4c00000| Untracked 
|  11|0x00000000c4d00000, 0x00000000c4e00000, 0x00000000c4e00000|100%| O|  |TAMS 0x00000000c4d00000, 0x00000000c4d00000| Untracked 
|  12|0x00000000c4e00000, 0x00000000c4f00000, 0x00000000c4f00000|100%| O|  |TAMS 0x00000000c4e00000, 0x00000000c4e00000| Untracked 
|  13|0x00000000c4f00000, 0x00000000c5000000, 0x00000000c5000000|100%| O|  |TAMS 0x00000000c4f0f200, 0x00000000c4f00000| Untracked 
|  14|0x00000000c5000000, 0x00000000c5100000, 0x00000000c5100000|100%| O|  |TAMS 0x00000000c5000000, 0x00000000c5000000| Untracked 
|  15|0x00000000c5100000, 0x00000000c5200000, 0x00000000c5200000|100%| O|  |TAMS 0x00000000c5100000, 0x00000000c5100000| Untracked 
|  16|0x00000000c5200000, 0x00000000c5300000, 0x00000000c5300000|100%| O|  |TAMS 0x00000000c5300000, 0x00000000c5200000| Untracked 
|  17|0x00000000c5300000, 0x00000000c5400000, 0x00000000c5400000|100%| O|  |TAMS 0x00000000c5300000, 0x00000000c5300000| Untracked 
|  18|0x00000000c5400000, 0x00000000c5500000, 0x00000000c5500000|100%| O|  |TAMS 0x00000000c5500000, 0x00000000c5400000| Untracked 
|  19|0x00000000c5500000, 0x00000000c5600000, 0x00000000c5600000|100%| O|  |TAMS 0x00000000c5500000, 0x00000000c5500000| Untracked 
|  20|0x00000000c5600000, 0x00000000c5700000, 0x00000000c5700000|100%| O|  |TAMS 0x00000000c5600000, 0x00000000c5600000| Untracked 
|  21|0x00000000c5700000, 0x00000000c5800000, 0x00000000c5800000|100%| O|  |TAMS 0x00000000c5700000, 0x00000000c5700000| Untracked 
|  22|0x00000000c5800000, 0x00000000c5900000, 0x00000000c5900000|100%| O|  |TAMS 0x00000000c5800000, 0x00000000c5800000| Untracked 
|  23|0x00000000c5900000, 0x00000000c5a00000, 0x00000000c5a00000|100%| O|  |TAMS 0x00000000c5a00000, 0x00000000c5900000| Untracked 
|  24|0x00000000c5a00000, 0x00000000c5b00000, 0x00000000c5b00000|100%| O|  |TAMS 0x00000000c5b00000, 0x00000000c5a00000| Untracked 
|  25|0x00000000c5b00000, 0x00000000c5c00000, 0x00000000c5c00000|100%| O|  |TAMS 0x00000000c5c00000, 0x00000000c5b00000| Untracked 
|  26|0x00000000c5c00000, 0x00000000c5d00000, 0x00000000c5d00000|100%|HS|  |TAMS 0x00000000c5d00000, 0x00000000c5c00000| Complete 
|  27|0x00000000c5d00000, 0x00000000c5e00000, 0x00000000c5e00000|100%| O|  |TAMS 0x00000000c5e00000, 0x00000000c5d00000| Untracked 
|  28|0x00000000c5e00000, 0x00000000c5f00000, 0x00000000c5f00000|100%| O|  |TAMS 0x00000000c5f00000, 0x00000000c5e00000| Untracked 
|  29|0x00000000c5f00000, 0x00000000c6000000, 0x00000000c6000000|100%| O|  |TAMS 0x00000000c6000000, 0x00000000c5f00000| Untracked 
|  30|0x00000000c6000000, 0x00000000c6100000, 0x00000000c6100000|100%| O|  |TAMS 0x00000000c6000000, 0x00000000c6000000| Untracked 
|  31|0x00000000c6100000, 0x00000000c6200000, 0x00000000c6200000|100%| O|  |TAMS 0x00000000c6100000, 0x00000000c6100000| Untracked 
|  32|0x00000000c6200000, 0x00000000c6300000, 0x00000000c6300000|100%| O|  |TAMS 0x00000000c6200000, 0x00000000c6200000| Untracked 
|  33|0x00000000c6300000, 0x00000000c6400000, 0x00000000c6400000|100%| O|  |TAMS 0x00000000c6300000, 0x00000000c6300000| Untracked 
|  34|0x00000000c6400000, 0x00000000c6500000, 0x00000000c6500000|100%| O|  |TAMS 0x00000000c6400000, 0x00000000c6400000| Untracked 
|  35|0x00000000c6500000, 0x00000000c6600000, 0x00000000c6600000|100%| O|  |TAMS 0x00000000c6500000, 0x00000000c6500000| Untracked 
|  36|0x00000000c6600000, 0x00000000c6700000, 0x00000000c6700000|100%| O|  |TAMS 0x00000000c6600000, 0x00000000c6600000| Untracked 
|  37|0x00000000c6700000, 0x00000000c6800000, 0x00000000c6800000|100%| O|  |TAMS 0x00000000c6700000, 0x00000000c6700000| Untracked 
|  38|0x00000000c6800000, 0x00000000c6900000, 0x00000000c6900000|100%| O|  |TAMS 0x00000000c6800000, 0x00000000c6800000| Untracked 
|  39|0x00000000c6900000, 0x00000000c6a00000, 0x00000000c6a00000|100%| O|  |TAMS 0x00000000c6900000, 0x00000000c6900000| Untracked 
|  40|0x00000000c6a00000, 0x00000000c6b00000, 0x00000000c6b00000|100%| O|  |TAMS 0x00000000c6a00000, 0x00000000c6a00000| Untracked 
|  41|0x00000000c6b00000, 0x00000000c6c00000, 0x00000000c6c00000|100%| O|  |TAMS 0x00000000c6b00000, 0x00000000c6b00000| Untracked 
|  42|0x00000000c6c00000, 0x00000000c6d00000, 0x00000000c6d00000|100%| O|  |TAMS 0x00000000c6c00000, 0x00000000c6c00000| Untracked 
|  43|0x00000000c6d00000, 0x00000000c6e00000, 0x00000000c6e00000|100%| O|  |TAMS 0x00000000c6d00000, 0x00000000c6d00000| Untracked 
|  44|0x00000000c6e00000, 0x00000000c6f00000, 0x00000000c6f00000|100%| O|  |TAMS 0x00000000c6e00000, 0x00000000c6e00000| Untracked 
|  45|0x00000000c6f00000, 0x00000000c7000000, 0x00000000c7000000|100%| O|  |TAMS 0x00000000c6f00000, 0x00000000c6f00000| Untracked 
|  46|0x00000000c7000000, 0x00000000c7100000, 0x00000000c7100000|100%| O|  |TAMS 0x00000000c7000000, 0x00000000c7000000| Untracked 
|  47|0x00000000c7100000, 0x00000000c7200000, 0x00000000c7200000|100%| O|  |TAMS 0x00000000c7100000, 0x00000000c7100000| Untracked 
|  48|0x00000000c7200000, 0x00000000c7300000, 0x00000000c7300000|100%| O|  |TAMS 0x00000000c7200000, 0x00000000c7200000| Untracked 
|  49|0x00000000c7300000, 0x00000000c7400000, 0x00000000c7400000|100%| O|  |TAMS 0x00000000c7300000, 0x00000000c7300000| Untracked 
|  50|0x00000000c7400000, 0x00000000c7500000, 0x00000000c7500000|100%| O|  |TAMS 0x00000000c7400000, 0x00000000c7400000| Untracked 
|  51|0x00000000c7500000, 0x00000000c7600000, 0x00000000c7600000|100%| O|  |TAMS 0x00000000c7500000, 0x00000000c7500000| Untracked 
|  52|0x00000000c7600000, 0x00000000c7700000, 0x00000000c7700000|100%| O|  |TAMS 0x00000000c7600000, 0x00000000c7600000| Untracked 
|  53|0x00000000c7700000, 0x00000000c7800000, 0x00000000c7800000|100%| O|  |TAMS 0x00000000c7700000, 0x00000000c7700000| Untracked 
|  54|0x00000000c7800000, 0x00000000c7900000, 0x00000000c7900000|100%| O|  |TAMS 0x00000000c7800000, 0x00000000c7800000| Untracked 
|  55|0x00000000c7900000, 0x00000000c7a00000, 0x00000000c7a00000|100%| O|  |TAMS 0x00000000c7900000, 0x00000000c7900000| Untracked 
|  56|0x00000000c7a00000, 0x00000000c7b00000, 0x00000000c7b00000|100%| O|  |TAMS 0x00000000c7a00000, 0x00000000c7a00000| Untracked 
|  57|0x00000000c7b00000, 0x00000000c7c00000, 0x00000000c7c00000|100%| O|  |TAMS 0x00000000c7b00000, 0x00000000c7b00000| Untracked 
|  58|0x00000000c7c00000, 0x00000000c7d00000, 0x00000000c7d00000|100%| O|  |TAMS 0x00000000c7c00000, 0x00000000c7c00000| Untracked 
|  59|0x00000000c7d00000, 0x00000000c7e00000, 0x00000000c7e00000|100%| O|  |TAMS 0x00000000c7d00000, 0x00000000c7d00000| Untracked 
|  60|0x00000000c7e00000, 0x00000000c7f00000, 0x00000000c7f00000|100%| O|  |TAMS 0x00000000c7e00000, 0x00000000c7e00000| Untracked 
|  61|0x00000000c7f00000, 0x00000000c8000000, 0x00000000c8000000|100%| O|  |TAMS 0x00000000c7f00000, 0x00000000c7f00000| Untracked 
|  62|0x00000000c8000000, 0x00000000c8100000, 0x00000000c8100000|100%| O|  |TAMS 0x00000000c8000000, 0x00000000c8000000| Untracked 
|  63|0x00000000c8100000, 0x00000000c8200000, 0x00000000c8200000|100%| O|  |TAMS 0x00000000c8100000, 0x00000000c8100000| Untracked 
|  64|0x00000000c8200000, 0x00000000c8300000, 0x00000000c8300000|100%| O|  |TAMS 0x00000000c8200000, 0x00000000c8200000| Untracked 
|  65|0x00000000c8300000, 0x00000000c8400000, 0x00000000c8400000|100%| O|  |TAMS 0x00000000c8300000, 0x00000000c8300000| Untracked 
|  66|0x00000000c8400000, 0x00000000c8500000, 0x00000000c8500000|100%| O|  |TAMS 0x00000000c8400000, 0x00000000c8400000| Untracked 
|  67|0x00000000c8500000, 0x00000000c8600000, 0x00000000c8600000|100%| O|  |TAMS 0x00000000c8500000, 0x00000000c8500000| Untracked 
|  68|0x00000000c8600000, 0x00000000c8700000, 0x00000000c8700000|100%| O|  |TAMS 0x00000000c8600000, 0x00000000c8600000| Untracked 
|  69|0x00000000c8700000, 0x00000000c8800000, 0x00000000c8800000|100%| O|  |TAMS 0x00000000c8700000, 0x00000000c8700000| Untracked 
|  70|0x00000000c8800000, 0x00000000c8900000, 0x00000000c8900000|100%| O|  |TAMS 0x00000000c8800000, 0x00000000c8800000| Untracked 
|  71|0x00000000c8900000, 0x00000000c8a00000, 0x00000000c8a00000|100%| O|  |TAMS 0x00000000c8900000, 0x00000000c8900000| Untracked 
|  72|0x00000000c8a00000, 0x00000000c8b00000, 0x00000000c8b00000|100%| O|  |TAMS 0x00000000c8a00000, 0x00000000c8a00000| Untracked 
|  73|0x00000000c8b00000, 0x00000000c8c00000, 0x00000000c8c00000|100%| O|  |TAMS 0x00000000c8b00000, 0x00000000c8b00000| Untracked 
|  74|0x00000000c8c00000, 0x00000000c8d00000, 0x00000000c8d00000|100%| O|  |TAMS 0x00000000c8c00000, 0x00000000c8c00000| Untracked 
|  75|0x00000000c8d00000, 0x00000000c8e00000, 0x00000000c8e00000|100%| O|  |TAMS 0x00000000c8d00000, 0x00000000c8d00000| Untracked 
|  76|0x00000000c8e00000, 0x00000000c8f00000, 0x00000000c8f00000|100%| O|  |TAMS 0x00000000c8e00000, 0x00000000c8e00000| Untracked 
|  77|0x00000000c8f00000, 0x00000000c9000000, 0x00000000c9000000|100%| O|  |TAMS 0x00000000c8f00000, 0x00000000c8f00000| Untracked 
|  78|0x00000000c9000000, 0x00000000c9100000, 0x00000000c9100000|100%| O|  |TAMS 0x00000000c9000000, 0x00000000c9000000| Untracked 
|  79|0x00000000c9100000, 0x00000000c9200000, 0x00000000c9200000|100%| O|  |TAMS 0x00000000c9100000, 0x00000000c9100000| Untracked 
|  80|0x00000000c9200000, 0x00000000c9300000, 0x00000000c9300000|100%| O|  |TAMS 0x00000000c9200000, 0x00000000c9200000| Untracked 
|  81|0x00000000c9300000, 0x00000000c9400000, 0x00000000c9400000|100%| O|  |TAMS 0x00000000c9300000, 0x00000000c9300000| Untracked 
|  82|0x00000000c9400000, 0x00000000c9500000, 0x00000000c9500000|100%| O|  |TAMS 0x00000000c9400000, 0x00000000c9400000| Untracked 
|  83|0x00000000c9500000, 0x00000000c9600000, 0x00000000c9600000|100%| O|  |TAMS 0x00000000c9500000, 0x00000000c9500000| Untracked 
|  84|0x00000000c9600000, 0x00000000c9700000, 0x00000000c9700000|100%| O|  |TAMS 0x00000000c9600000, 0x00000000c9600000| Untracked 
|  85|0x00000000c9700000, 0x00000000c9800000, 0x00000000c9800000|100%| O|  |TAMS 0x00000000c9700000, 0x00000000c9700000| Untracked 
|  86|0x00000000c9800000, 0x00000000c9900000, 0x00000000c9900000|100%| O|  |TAMS 0x00000000c9800000, 0x00000000c9800000| Untracked 
|  87|0x00000000c9900000, 0x00000000c9a00000, 0x00000000c9a00000|100%| O|  |TAMS 0x00000000c9900000, 0x00000000c9900000| Untracked 
|  88|0x00000000c9a00000, 0x00000000c9b00000, 0x00000000c9b00000|100%| O|  |TAMS 0x00000000c9a00000, 0x00000000c9a00000| Untracked 
|  89|0x00000000c9b00000, 0x00000000c9c00000, 0x00000000c9c00000|100%| O|  |TAMS 0x00000000c9b00000, 0x00000000c9b00000| Untracked 
|  90|0x00000000c9c00000, 0x00000000c9d00000, 0x00000000c9d00000|100%| O|  |TAMS 0x00000000c9c00000, 0x00000000c9c00000| Untracked 
|  91|0x00000000c9d00000, 0x00000000c9e00000, 0x00000000c9e00000|100%| O|  |TAMS 0x00000000c9d00000, 0x00000000c9d00000| Untracked 
|  92|0x00000000c9e00000, 0x00000000c9f00000, 0x00000000c9f00000|100%| O|  |TAMS 0x00000000c9e00000, 0x00000000c9e00000| Untracked 
|  93|0x00000000c9f00000, 0x00000000ca000000, 0x00000000ca000000|100%| O|  |TAMS 0x00000000c9f00000, 0x00000000c9f00000| Untracked 
|  94|0x00000000ca000000, 0x00000000ca100000, 0x00000000ca100000|100%| O|  |TAMS 0x00000000ca000000, 0x00000000ca000000| Untracked 
|  95|0x00000000ca100000, 0x00000000ca200000, 0x00000000ca200000|100%|HS|  |TAMS 0x00000000ca100000, 0x00000000ca100000| Complete 
|  96|0x00000000ca200000, 0x00000000ca300000, 0x00000000ca300000|100%| O|  |TAMS 0x00000000ca200000, 0x00000000ca200000| Untracked 
|  97|0x00000000ca300000, 0x00000000ca400000, 0x00000000ca400000|100%| O|  |TAMS 0x00000000ca300000, 0x00000000ca300000| Untracked 
|  98|0x00000000ca400000, 0x00000000ca500000, 0x00000000ca500000|100%| O|  |TAMS 0x00000000ca400000, 0x00000000ca400000| Untracked 
|  99|0x00000000ca500000, 0x00000000ca600000, 0x00000000ca600000|100%| O|  |TAMS 0x00000000ca500000, 0x00000000ca500000| Untracked 
| 100|0x00000000ca600000, 0x00000000ca700000, 0x00000000ca700000|100%| O|  |TAMS 0x00000000ca600000, 0x00000000ca600000| Untracked 
| 101|0x00000000ca700000, 0x00000000ca800000, 0x00000000ca800000|100%| O|  |TAMS 0x00000000ca700000, 0x00000000ca700000| Untracked 
| 102|0x00000000ca800000, 0x00000000ca900000, 0x00000000ca900000|100%| O|  |TAMS 0x00000000ca800000, 0x00000000ca800000| Untracked 
| 103|0x00000000ca900000, 0x00000000caa00000, 0x00000000caa00000|100%| O|  |TAMS 0x00000000ca900000, 0x00000000ca900000| Untracked 
| 104|0x00000000caa00000, 0x00000000cab00000, 0x00000000cab00000|100%| O|  |TAMS 0x00000000caa00000, 0x00000000caa00000| Untracked 
| 105|0x00000000cab00000, 0x00000000cac00000, 0x00000000cac00000|100%| O|  |TAMS 0x00000000cab00000, 0x00000000cab00000| Untracked 
| 106|0x00000000cac00000, 0x00000000cad00000, 0x00000000cad00000|100%| O|  |TAMS 0x00000000cac00000, 0x00000000cac00000| Untracked 
| 107|0x00000000cad00000, 0x00000000cae00000, 0x00000000cae00000|100%| O|  |TAMS 0x00000000cad00000, 0x00000000cad00000| Untracked 
| 108|0x00000000cae00000, 0x00000000caf00000, 0x00000000caf00000|100%| O|  |TAMS 0x00000000cae00000, 0x00000000cae00000| Untracked 
| 109|0x00000000caf00000, 0x00000000cb000000, 0x00000000cb000000|100%| O|  |TAMS 0x00000000caf00000, 0x00000000caf00000| Untracked 
| 110|0x00000000cb000000, 0x00000000cb100000, 0x00000000cb100000|100%| O|  |TAMS 0x00000000cb000000, 0x00000000cb000000| Untracked 
| 111|0x00000000cb100000, 0x00000000cb200000, 0x00000000cb200000|100%| O|  |TAMS 0x00000000cb100000, 0x00000000cb100000| Untracked 
| 112|0x00000000cb200000, 0x00000000cb300000, 0x00000000cb300000|100%| O|  |TAMS 0x00000000cb200000, 0x00000000cb200000| Untracked 
| 113|0x00000000cb300000, 0x00000000cb400000, 0x00000000cb400000|100%| O|  |TAMS 0x00000000cb300000, 0x00000000cb300000| Untracked 
| 114|0x00000000cb400000, 0x00000000cb500000, 0x00000000cb500000|100%| O|  |TAMS 0x00000000cb400000, 0x00000000cb400000| Untracked 
| 115|0x00000000cb500000, 0x00000000cb600000, 0x00000000cb600000|100%| O|  |TAMS 0x00000000cb500000, 0x00000000cb500000| Untracked 
| 116|0x00000000cb600000, 0x00000000cb700000, 0x00000000cb700000|100%| O|  |TAMS 0x00000000cb600000, 0x00000000cb600000| Untracked 
| 117|0x00000000cb700000, 0x00000000cb800000, 0x00000000cb800000|100%| O|  |TAMS 0x00000000cb700000, 0x00000000cb700000| Untracked 
| 118|0x00000000cb800000, 0x00000000cb900000, 0x00000000cb900000|100%| O|  |TAMS 0x00000000cb800000, 0x00000000cb800000| Untracked 
| 119|0x00000000cb900000, 0x00000000cba00000, 0x00000000cba00000|100%| O|  |TAMS 0x00000000cb900000, 0x00000000cb900000| Untracked 
| 120|0x00000000cba00000, 0x00000000cbb00000, 0x00000000cbb00000|100%| O|  |TAMS 0x00000000cba00000, 0x00000000cba00000| Untracked 
| 121|0x00000000cbb00000, 0x00000000cbc00000, 0x00000000cbc00000|100%| O|  |TAMS 0x00000000cbb00000, 0x00000000cbb00000| Untracked 
| 122|0x00000000cbc00000, 0x00000000cbd00000, 0x00000000cbd00000|100%| O|  |TAMS 0x00000000cbc00000, 0x00000000cbc00000| Untracked 
| 123|0x00000000cbd00000, 0x00000000cbe00000, 0x00000000cbe00000|100%| O|  |TAMS 0x00000000cbd00000, 0x00000000cbd00000| Untracked 
| 124|0x00000000cbe00000, 0x00000000cbf00000, 0x00000000cbf00000|100%| O|  |TAMS 0x00000000cbe00000, 0x00000000cbe00000| Untracked 
| 125|0x00000000cbf00000, 0x00000000cc000000, 0x00000000cc000000|100%| O|  |TAMS 0x00000000cbf00000, 0x00000000cbf00000| Untracked 
| 126|0x00000000cc000000, 0x00000000cc100000, 0x00000000cc100000|100%| O|  |TAMS 0x00000000cc000000, 0x00000000cc000000| Untracked 
| 127|0x00000000cc100000, 0x00000000cc200000, 0x00000000cc200000|100%| O|  |TAMS 0x00000000cc100000, 0x00000000cc100000| Untracked 
| 128|0x00000000cc200000, 0x00000000cc300000, 0x00000000cc300000|100%| O|  |TAMS 0x00000000cc200000, 0x00000000cc200000| Untracked 
| 129|0x00000000cc300000, 0x00000000cc400000, 0x00000000cc400000|100%| O|  |TAMS 0x00000000cc300000, 0x00000000cc300000| Untracked 
| 130|0x00000000cc400000, 0x00000000cc500000, 0x00000000cc500000|100%| O|  |TAMS 0x00000000cc400000, 0x00000000cc400000| Untracked 
| 131|0x00000000cc500000, 0x00000000cc600000, 0x00000000cc600000|100%| O|  |TAMS 0x00000000cc500000, 0x00000000cc500000| Untracked 
| 132|0x00000000cc600000, 0x00000000cc700000, 0x00000000cc700000|100%| O|  |TAMS 0x00000000cc600000, 0x00000000cc600000| Untracked 
| 133|0x00000000cc700000, 0x00000000cc800000, 0x00000000cc800000|100%| O|  |TAMS 0x00000000cc700000, 0x00000000cc700000| Untracked 
| 134|0x00000000cc800000, 0x00000000cc900000, 0x00000000cc900000|100%| O|  |TAMS 0x00000000cc800000, 0x00000000cc800000| Untracked 
| 135|0x00000000cc900000, 0x00000000cca00000, 0x00000000cca00000|100%| O|  |TAMS 0x00000000cc900000, 0x00000000cc900000| Untracked 
| 136|0x00000000cca00000, 0x00000000ccb00000, 0x00000000ccb00000|100%| O|  |TAMS 0x00000000cca00000, 0x00000000cca00000| Untracked 
| 137|0x00000000ccb00000, 0x00000000ccc00000, 0x00000000ccc00000|100%| O|  |TAMS 0x00000000ccb00000, 0x00000000ccb00000| Untracked 
| 138|0x00000000ccc00000, 0x00000000ccd00000, 0x00000000ccd00000|100%| O|  |TAMS 0x00000000ccc00000, 0x00000000ccc00000| Untracked 
| 139|0x00000000ccd00000, 0x00000000cce00000, 0x00000000cce00000|100%| O|  |TAMS 0x00000000ccd00000, 0x00000000ccd00000| Untracked 
| 140|0x00000000cce00000, 0x00000000ccf00000, 0x00000000ccf00000|100%| O|  |TAMS 0x00000000cce00000, 0x00000000cce00000| Untracked 
| 141|0x00000000ccf00000, 0x00000000cd000000, 0x00000000cd000000|100%| O|  |TAMS 0x00000000ccf00000, 0x00000000ccf00000| Untracked 
| 142|0x00000000cd000000, 0x00000000cd100000, 0x00000000cd100000|100%| O|  |TAMS 0x00000000cd000000, 0x00000000cd000000| Untracked 
| 143|0x00000000cd100000, 0x00000000cd200000, 0x00000000cd200000|100%| O|  |TAMS 0x00000000cd100000, 0x00000000cd100000| Untracked 
| 144|0x00000000cd200000, 0x00000000cd300000, 0x00000000cd300000|100%| O|  |TAMS 0x00000000cd200000, 0x00000000cd200000| Untracked 
| 145|0x00000000cd300000, 0x00000000cd400000, 0x00000000cd400000|100%| O|  |TAMS 0x00000000cd300000, 0x00000000cd300000| Untracked 
| 146|0x00000000cd400000, 0x00000000cd500000, 0x00000000cd500000|100%| O|  |TAMS 0x00000000cd400000, 0x00000000cd400000| Untracked 
| 147|0x00000000cd500000, 0x00000000cd600000, 0x00000000cd600000|100%| O|  |TAMS 0x00000000cd500000, 0x00000000cd500000| Untracked 
| 148|0x00000000cd600000, 0x00000000cd700000, 0x00000000cd700000|100%| O|  |TAMS 0x00000000cd600000, 0x00000000cd600000| Untracked 
| 149|0x00000000cd700000, 0x00000000cd800000, 0x00000000cd800000|100%| O|  |TAMS 0x00000000cd700000, 0x00000000cd700000| Untracked 
| 150|0x00000000cd800000, 0x00000000cd900000, 0x00000000cd900000|100%| O|  |TAMS 0x00000000cd800000, 0x00000000cd800000| Untracked 
| 151|0x00000000cd900000, 0x00000000cda00000, 0x00000000cda00000|100%| O|  |TAMS 0x00000000cd900000, 0x00000000cd900000| Untracked 
| 152|0x00000000cda00000, 0x00000000cdb00000, 0x00000000cdb00000|100%| O|  |TAMS 0x00000000cda00000, 0x00000000cda00000| Untracked 
| 153|0x00000000cdb00000, 0x00000000cdc00000, 0x00000000cdc00000|100%| O|  |TAMS 0x00000000cdb00000, 0x00000000cdb00000| Untracked 
| 154|0x00000000cdc00000, 0x00000000cdd00000, 0x00000000cdd00000|100%| O|  |TAMS 0x00000000cdc00000, 0x00000000cdc00000| Untracked 
| 155|0x00000000cdd00000, 0x00000000cde00000, 0x00000000cde00000|100%| O|  |TAMS 0x00000000cdd00000, 0x00000000cdd00000| Untracked 
| 156|0x00000000cde00000, 0x00000000cdf00000, 0x00000000cdf00000|100%| O|  |TAMS 0x00000000cde00000, 0x00000000cde00000| Untracked 
| 157|0x00000000cdf00000, 0x00000000ce000000, 0x00000000ce000000|100%| O|  |TAMS 0x00000000cdf00000, 0x00000000cdf00000| Untracked 
| 158|0x00000000ce000000, 0x00000000ce100000, 0x00000000ce100000|100%| O|  |TAMS 0x00000000ce000000, 0x00000000ce000000| Untracked 
| 159|0x00000000ce100000, 0x00000000ce1b4000, 0x00000000ce200000| 70%| O|  |TAMS 0x00000000ce100000, 0x00000000ce100000| Untracked 
| 160|0x00000000ce200000, 0x00000000ce200000, 0x00000000ce300000|  0%| F|  |TAMS 0x00000000ce200000, 0x00000000ce200000| Untracked 
| 161|0x00000000ce300000, 0x00000000ce300000, 0x00000000ce400000|  0%| F|  |TAMS 0x00000000ce300000, 0x00000000ce300000| Untracked 
| 162|0x00000000ce400000, 0x00000000ce400000, 0x00000000ce500000|  0%| F|  |TAMS 0x00000000ce400000, 0x00000000ce400000| Untracked 
| 163|0x00000000ce500000, 0x00000000ce500000, 0x00000000ce600000|  0%| F|  |TAMS 0x00000000ce500000, 0x00000000ce500000| Untracked 
| 164|0x00000000ce600000, 0x00000000ce600000, 0x00000000ce700000|  0%| F|  |TAMS 0x00000000ce600000, 0x00000000ce600000| Untracked 
| 165|0x00000000ce700000, 0x00000000ce700000, 0x00000000ce800000|  0%| F|  |TAMS 0x00000000ce700000, 0x00000000ce700000| Untracked 
| 166|0x00000000ce800000, 0x00000000ce800000, 0x00000000ce900000|  0%| F|  |TAMS 0x00000000ce800000, 0x00000000ce800000| Untracked 
| 167|0x00000000ce900000, 0x00000000ce900000, 0x00000000cea00000|  0%| F|  |TAMS 0x00000000ce900000, 0x00000000ce900000| Untracked 
| 168|0x00000000cea00000, 0x00000000cea00000, 0x00000000ceb00000|  0%| F|  |TAMS 0x00000000cea00000, 0x00000000cea00000| Untracked 
| 169|0x00000000ceb00000, 0x00000000ceb00000, 0x00000000cec00000|  0%| F|  |TAMS 0x00000000ceb00000, 0x00000000ceb00000| Untracked 
| 170|0x00000000cec00000, 0x00000000cec00000, 0x00000000ced00000|  0%| F|  |TAMS 0x00000000cec00000, 0x00000000cec00000| Untracked 
| 171|0x00000000ced00000, 0x00000000ced00000, 0x00000000cee00000|  0%| F|  |TAMS 0x00000000ced00000, 0x00000000ced00000| Untracked 
| 172|0x00000000cee00000, 0x00000000cee00000, 0x00000000cef00000|  0%| F|  |TAMS 0x00000000cee00000, 0x00000000cee00000| Untracked 
| 173|0x00000000cef00000, 0x00000000cef00000, 0x00000000cf000000|  0%| F|  |TAMS 0x00000000cef00000, 0x00000000cef00000| Untracked 
| 174|0x00000000cf000000, 0x00000000cf000000, 0x00000000cf100000|  0%| F|  |TAMS 0x00000000cf000000, 0x00000000cf000000| Untracked 
| 175|0x00000000cf100000, 0x00000000cf100000, 0x00000000cf200000|  0%| F|  |TAMS 0x00000000cf100000, 0x00000000cf100000| Untracked 
| 176|0x00000000cf200000, 0x00000000cf200000, 0x00000000cf300000|  0%| F|  |TAMS 0x00000000cf200000, 0x00000000cf200000| Untracked 
| 177|0x00000000cf300000, 0x00000000cf300000, 0x00000000cf400000|  0%| F|  |TAMS 0x00000000cf300000, 0x00000000cf300000| Untracked 
| 178|0x00000000cf400000, 0x00000000cf400000, 0x00000000cf500000|  0%| F|  |TAMS 0x00000000cf400000, 0x00000000cf400000| Untracked 
| 179|0x00000000cf500000, 0x00000000cf500000, 0x00000000cf600000|  0%| F|  |TAMS 0x00000000cf500000, 0x00000000cf500000| Untracked 
| 180|0x00000000cf600000, 0x00000000cf600000, 0x00000000cf700000|  0%| F|  |TAMS 0x00000000cf600000, 0x00000000cf600000| Untracked 
| 181|0x00000000cf700000, 0x00000000cf700000, 0x00000000cf800000|  0%| F|  |TAMS 0x00000000cf700000, 0x00000000cf700000| Untracked 
| 182|0x00000000cf800000, 0x00000000cf800000, 0x00000000cf900000|  0%| F|  |TAMS 0x00000000cf800000, 0x00000000cf800000| Untracked 
| 183|0x00000000cf900000, 0x00000000cf900000, 0x00000000cfa00000|  0%| F|  |TAMS 0x00000000cf900000, 0x00000000cf900000| Untracked 
| 184|0x00000000cfa00000, 0x00000000cfa00000, 0x00000000cfb00000|  0%| F|  |TAMS 0x00000000cfa00000, 0x00000000cfa00000| Untracked 
| 185|0x00000000cfb00000, 0x00000000cfb00000, 0x00000000cfc00000|  0%| F|  |TAMS 0x00000000cfb00000, 0x00000000cfb00000| Untracked 
| 186|0x00000000cfc00000, 0x00000000cfc00000, 0x00000000cfd00000|  0%| F|  |TAMS 0x00000000cfc00000, 0x00000000cfc00000| Untracked 
| 187|0x00000000cfd00000, 0x00000000cfd00000, 0x00000000cfe00000|  0%| F|  |TAMS 0x00000000cfd00000, 0x00000000cfd00000| Untracked 
| 188|0x00000000cfe00000, 0x00000000cfe00000, 0x00000000cff00000|  0%| F|  |TAMS 0x00000000cfe00000, 0x00000000cfe00000| Untracked 
| 189|0x00000000cff00000, 0x00000000cff00000, 0x00000000d0000000|  0%| F|  |TAMS 0x00000000cff00000, 0x00000000cff00000| Untracked 
| 190|0x00000000d0000000, 0x00000000d00b9e50, 0x00000000d0100000| 72%| S|CS|TAMS 0x00000000d0000000, 0x00000000d0000000| Complete 
| 191|0x00000000d0100000, 0x00000000d0100000, 0x00000000d0200000|  0%| F|  |TAMS 0x00000000d0100000, 0x00000000d0100000| Untracked 
| 192|0x00000000d0200000, 0x00000000d0200000, 0x00000000d0300000|  0%| F|  |TAMS 0x00000000d0200000, 0x00000000d0200000| Untracked 
| 193|0x00000000d0300000, 0x00000000d0300000, 0x00000000d0400000|  0%| F|  |TAMS 0x00000000d0300000, 0x00000000d0300000| Untracked 
| 194|0x00000000d0400000, 0x00000000d0400000, 0x00000000d0500000|  0%| F|  |TAMS 0x00000000d0400000, 0x00000000d0400000| Untracked 
| 195|0x00000000d0500000, 0x00000000d0500000, 0x00000000d0600000|  0%| F|  |TAMS 0x00000000d0500000, 0x00000000d0500000| Untracked 
| 196|0x00000000d0600000, 0x00000000d0600000, 0x00000000d0700000|  0%| F|  |TAMS 0x00000000d0600000, 0x00000000d0600000| Untracked 
| 197|0x00000000d0700000, 0x00000000d0700000, 0x00000000d0800000|  0%| F|  |TAMS 0x00000000d0700000, 0x00000000d0700000| Untracked 
| 198|0x00000000d0800000, 0x00000000d0800000, 0x00000000d0900000|  0%| F|  |TAMS 0x00000000d0800000, 0x00000000d0800000| Untracked 
| 199|0x00000000d0900000, 0x00000000d0900000, 0x00000000d0a00000|  0%| F|  |TAMS 0x00000000d0900000, 0x00000000d0900000| Untracked 
| 200|0x00000000d0a00000, 0x00000000d0a00000, 0x00000000d0b00000|  0%| F|  |TAMS 0x00000000d0a00000, 0x00000000d0a00000| Untracked 
| 201|0x00000000d0b00000, 0x00000000d0b00000, 0x00000000d0c00000|  0%| F|  |TAMS 0x00000000d0b00000, 0x00000000d0b00000| Untracked 
| 202|0x00000000d0c00000, 0x00000000d0c00000, 0x00000000d0d00000|  0%| F|  |TAMS 0x00000000d0c00000, 0x00000000d0c00000| Untracked 
| 203|0x00000000d0d00000, 0x00000000d0d00000, 0x00000000d0e00000|  0%| F|  |TAMS 0x00000000d0d00000, 0x00000000d0d00000| Untracked 
| 204|0x00000000d0e00000, 0x00000000d0e00000, 0x00000000d0f00000|  0%| F|  |TAMS 0x00000000d0e00000, 0x00000000d0e00000| Untracked 
| 205|0x00000000d0f00000, 0x00000000d0f00000, 0x00000000d1000000|  0%| F|  |TAMS 0x00000000d0f00000, 0x00000000d0f00000| Untracked 
| 206|0x00000000d1000000, 0x00000000d1000000, 0x00000000d1100000|  0%| F|  |TAMS 0x00000000d1000000, 0x00000000d1000000| Untracked 
| 207|0x00000000d1100000, 0x00000000d1100000, 0x00000000d1200000|  0%| F|  |TAMS 0x00000000d1100000, 0x00000000d1100000| Untracked 
| 208|0x00000000d1200000, 0x00000000d1200000, 0x00000000d1300000|  0%| F|  |TAMS 0x00000000d1200000, 0x00000000d1200000| Untracked 
| 209|0x00000000d1300000, 0x00000000d1300000, 0x00000000d1400000|  0%| F|  |TAMS 0x00000000d1300000, 0x00000000d1300000| Untracked 
| 210|0x00000000d1400000, 0x00000000d1400000, 0x00000000d1500000|  0%| F|  |TAMS 0x00000000d1400000, 0x00000000d1400000| Untracked 
| 211|0x00000000d1500000, 0x00000000d1500000, 0x00000000d1600000|  0%| F|  |TAMS 0x00000000d1500000, 0x00000000d1500000| Untracked 
| 212|0x00000000d1600000, 0x00000000d1600000, 0x00000000d1700000|  0%| F|  |TAMS 0x00000000d1600000, 0x00000000d1600000| Untracked 
| 213|0x00000000d1700000, 0x00000000d1700000, 0x00000000d1800000|  0%| F|  |TAMS 0x00000000d1700000, 0x00000000d1700000| Untracked 
| 214|0x00000000d1800000, 0x00000000d1800000, 0x00000000d1900000|  0%| F|  |TAMS 0x00000000d1800000, 0x00000000d1800000| Untracked 
| 215|0x00000000d1900000, 0x00000000d1900000, 0x00000000d1a00000|  0%| F|  |TAMS 0x00000000d1900000, 0x00000000d1900000| Untracked 
| 216|0x00000000d1a00000, 0x00000000d1a00000, 0x00000000d1b00000|  0%| F|  |TAMS 0x00000000d1a00000, 0x00000000d1a00000| Untracked 
| 956|0x00000000ffe00000, 0x00000000ffe34000, 0x00000000fff00000| 20%|OA|  |TAMS 0x00000000ffe34000, 0x00000000ffe00000| Untracked 
| 957|0x00000000fff00000, 0x00000000fff6a000, 0x0000000100000000| 41%|CA|  |TAMS 0x00000000fff6a000, 0x00000000fff00000| Untracked 

Card table byte_map: [0x00007f9188324000,0x00007f9188503000] _byte_map_base: 0x00007f9187d03000

Marking Bits (Prev, Next): (CMBitMap*) 0x00007f918403d780, (CMBitMap*) 0x00007f918403d748
 Prev Bits: [0x00007f9166210000, 0x00007f9167108000)
 Next Bits: [0x00007f9167108000, 0x00007f9168000000)

Polling page: 0x00007f918a9ce000

Metaspace:

Usage:
  Non-class:     13,41 MB capacity,    13,11 MB ( 98%) used,   258,35 KB (  2%) free+waste,    54,75 KB ( <1%) overhead. 
      Class:      1,93 MB capacity,     1,63 MB ( 84%) used,   271,83 KB ( 14%) free+waste,    34,75 KB (  2%) overhead. 
       Both:     15,34 MB capacity,    14,74 MB ( 96%) used,   530,18 KB (  3%) free+waste,    89,50 KB ( <1%) overhead. 

Virtual space:
  Non-class space:       14,00 MB reserved,      13,50 MB ( 96%) committed 
      Class space:        1,00 GB reserved,       2,00 MB ( <1%) committed 
             Both:        1,01 GB reserved,      15,50 MB (  1%) committed 

Chunk freelists:
   Non-Class:  38,00 KB
       Class:  9,00 KB
        Both:  47,00 KB

CodeHeap 'non-profiled nmethods': size=120032Kb used=2510Kb max_used=2537Kb free=117521Kb
 bounds [0x00007f917441e000, 0x00007f917469e000, 0x00007f917b956000]
CodeHeap 'profiled nmethods': size=120028Kb used=4493Kb max_used=7138Kb free=115534Kb
 bounds [0x00007f916cee7000, 0x00007f916d5e7000, 0x00007f917441e000]
CodeHeap 'non-nmethods': size=5700Kb used=1170Kb max_used=1235Kb free=4529Kb
 bounds [0x00007f916c956000, 0x00007f916cbc6000, 0x00007f916cee7000]
 total_blobs=5189 nmethods=2629 adapters=427
 compilation: enabled
              stopped_count=0, restarted_count=0
 full_count=0

Compilation events (10 events):
Event: 941,633 Thread 0x00007f91840d3800 3567       3       java.lang.String::substring (58 bytes)
Event: 941,634 Thread 0x00007f91840d3800 nmethod 3567 0x00007f916d204410 code [0x00007f916d204640, 0x00007f916d204d48]
Event: 941,637 Thread 0x00007f91840d3800 3568       3       jdk.internal.reflect.ClassFileAssembler::emitConstantPoolClass (23 bytes)
Event: 941,638 Thread 0x00007f91840d3800 nmethod 3568 0x00007f916d10fd10 code [0x00007f916d10ff20, 0x00007f916d110408]
Event: 941,638 Thread 0x00007f91840d3800 3570       3       java.lang.reflect.Constructor::setConstructorAccessor (21 bytes)
Event: 941,639 Thread 0x00007f91840d3800 nmethod 3570 0x00007f916cff9690 code [0x00007f916cff9860, 0x00007f916cff9bc8]
Event: 941,639 Thread 0x00007f91840d3800 3569       1       java.lang.reflect.Constructor::getConstructorAccessor (5 bytes)
Event: 941,639 Thread 0x00007f91840d3800 nmethod 3569 0x00007f91745e1f10 code [0x00007f91745e20c0, 0x00007f91745e21f0]
Event: 941,639 Thread 0x00007f91840d3800 3571       1       jdk.internal.reflect.DelegatingConstructorAccessorImpl::setDelegate (6 bytes)
Event: 941,639 Thread 0x00007f91840d3800 nmethod 3571 0x00007f91745e1b90 code [0x00007f91745e1d40, 0x00007f91745e1eb0]

GC Heap History (10 events):
Event: 1002,244 GC heap after
{Heap after GC invocations=3366 (full 0):
 garbage-first heap   total 192512K, used 164511K [0x00000000c4200000, 0x0000000100000000)
  region size 1024K, 1 young (1024K), 1 survivors (1024K)
 Metaspace       used 15089K, capacity 15709K, committed 15872K, reserved 1062912K
  class space    used 1668K, capacity 1975K, committed 2048K, reserved 1048576K
}
Event: 1002,329 GC heap before
{Heap before GC invocations=3366 (full 0):
 garbage-first heap   total 192512K, used 172703K [0x00000000c4200000, 0x0000000100000000)
  region size 1024K, 9 young (9216K), 1 survivors (1024K)
 Metaspace       used 15089K, capacity 15709K, committed 15872K, reserved 1062912K
  class space    used 1668K, capacity 1975K, committed 2048K, reserved 1048576K
}
Event: 1002,339 GC heap after
{Heap after GC invocations=3367 (full 0):
 garbage-first heap   total 224256K, used 164536K [0x00000000c4200000, 0x0000000100000000)
  region size 1024K, 1 young (1024K), 1 survivors (1024K)
 Metaspace       used 15089K, capacity 15709K, committed 15872K, reserved 1062912K
  class space    used 1668K, capacity 1975K, committed 2048K, reserved 1048576K
}
Event: 1002,890 GC heap before
{Heap before GC invocations=3367 (full 0):
 garbage-first heap   total 224256K, used 187064K [0x00000000c4200000, 0x0000000100000000)
  region size 1024K, 23 young (23552K), 1 survivors (1024K)
 Metaspace       used 15089K, capacity 15709K, committed 15872K, reserved 1062912K
  class space    used 1668K, capacity 1975K, committed 2048K, reserved 1048576K
}
Event: 1002,943 GC heap after
{Heap after GC invocations=3368 (full 0):
 garbage-first heap   total 224256K, used 164686K [0x00000000c4200000, 0x0000000100000000)
  region size 1024K, 1 young (1024K), 1 survivors (1024K)
 Metaspace       used 15089K, capacity 15709K, committed 15872K, reserved 1062912K
  class space    used 1668K, capacity 1975K, committed 2048K, reserved 1048576K
}
Event: 1003,468 GC heap before
{Heap before GC invocations=3368 (full 0):
 garbage-first heap   total 224256K, used 188238K [0x00000000c4200000, 0x0000000100000000)
  region size 1024K, 24 young (24576K), 1 survivors (1024K)
 Metaspace       used 15089K, capacity 15709K, committed 15872K, reserved 1062912K
  class space    used 1668K, capacity 1975K, committed 2048K, reserved 1048576K
}
Event: 1003,626 GC heap after
{Heap after GC invocations=3369 (full 0):
 garbage-first heap   total 224256K, used 164769K [0x00000000c4200000, 0x0000000100000000)
  region size 1024K, 1 young (1024K), 1 survivors (1024K)
 Metaspace       used 15089K, capacity 15709K, committed 15872K, reserved 1062912K
  class space    used 1668K, capacity 1975K, committed 2048K, reserved 1048576K
}
Event: 1005,934 GC heap before
{Heap before GC invocations=3369 (full 0):
 garbage-first heap   total 224256K, used 189345K [0x00000000c4200000, 0x0000000100000000)
  region size 1024K, 25 young (25600K), 1 survivors (1024K)
 Metaspace       used 15089K, capacity 15709K, committed 15872K, reserved 1062912K
  class space    used 1668K, capacity 1975K, committed 2048K, reserved 1048576K
}
Event: 1006,193 GC heap after
{Heap after GC invocations=3370 (full 0):
 garbage-first heap   total 224256K, used 164857K [0x00000000c4200000, 0x0000000100000000)
  region size 1024K, 1 young (1024K), 1 survivors (1024K)
 Metaspace       used 15089K, capacity 15709K, committed 15872K, reserved 1062912K
  class space    used 1668K, capacity 1975K, committed 2048K, reserved 1048576K
}
Event: 1007,955 GC heap before
{Heap before GC invocations=3370 (full 0):
 garbage-first heap   total 224256K, used 190457K [0x00000000c4200000, 0x0000000100000000)
  region size 1024K, 26 young (26624K), 1 survivors (1024K)
 Metaspace       used 15089K, capacity 15709K, committed 15872K, reserved 1062912K
  class space    used 1668K, capacity 1975K, committed 2048K, reserved 1048576K
}

Deoptimization events (10 events):
Event: 790,136 Thread 0x00007f9184011800 DEOPT PACKING pc=0x00007f916d25951a sp=0x00007f9189334200
Event: 790,136 Thread 0x00007f9184011800 DEOPT UNPACKING pc=0x00007f916c97e83a sp=0x00007f9189333740 mode 0
Event: 790,138 Thread 0x00007f9184011800 DEOPT PACKING pc=0x00007f916d25951a sp=0x00007f91893341b0
Event: 790,138 Thread 0x00007f9184011800 DEOPT UNPACKING pc=0x00007f916c97e83a sp=0x00007f91893336f0 mode 0
Event: 790,141 Thread 0x00007f9184011800 DEOPT PACKING pc=0x00007f916d25951a sp=0x00007f9189334210
Event: 790,141 Thread 0x00007f9184011800 DEOPT UNPACKING pc=0x00007f916c97e83a sp=0x00007f9189333750 mode 0
Event: 791,238 Thread 0x00007f9184011800 DEOPT PACKING pc=0x00007f916d1c82b2 sp=0x00007f91893347b0
Event: 791,238 Thread 0x00007f9184011800 DEOPT UNPACKING pc=0x00007f916c97e83a sp=0x00007f9189333da0 mode 0
Event: 846,358 Thread 0x00007f9184011800 DEOPT PACKING pc=0x00007f916d1c82b2 sp=0x00007f91893347b0
Event: 846,358 Thread 0x00007f9184011800 DEOPT UNPACKING pc=0x00007f916c97e83a sp=0x00007f9189333da0 mode 0

Classes redefined (0 events):
No events

Internal exceptions (10 events):
Event: 1,605 Thread 0x00007f9184011800 Exception <a 'java/lang/NoSuchMethodError'{0x00000000c6e9c2e0}: 'java.lang.Object java.lang.invoke.DirectMethodHandle$Holder.invokeStatic(java.lang.Object, java.lang.Object, java.lang.Object, int, java.lang.Object, java.lang.Object)'> (0x00000000c6e9c2e0)
Event: 1,605 Thread 0x00007f9184011800 Exception <a 'java/lang/NoSuchMethodError'{0x00000000c6e9ffa0}: 'java.lang.Object java.lang.invoke.DirectMethodHandle$Holder.invokeSpecial(java.lang.Object, java.lang.Object, java.lang.Object, java.lang.Object, int, java.lang.Object, java.lang.Object)'> (
Event: 1,605 Thread 0x00007f9184011800 Exception <a 'java/lang/NoSuchMethodError'{0x00000000c6ea3310}: 'java.lang.Object java.lang.invoke.Invokers$Holder.linkToTargetMethod(java.lang.Object, java.lang.Object, int, java.lang.Object, java.lang.Object, java.lang.Object)'> (0x00000000c6ea3310) thr
Event: 4,063 Thread 0x00007f9184011800 Implicit null exception at 0x00007f91745516e8 to 0x00007f917455174e
Event: 16,554 Thread 0x00007f9184011800 Implicit null exception at 0x00007f91745a11f6 to 0x00007f91745a40ee
Event: 118,159 Thread 0x00007f9184011800 Implicit null exception at 0x00007f91745e1a82 to 0x00007f91745e1d3e
Event: 118,163 Thread 0x00007f9184011800 Implicit null exception at 0x00007f9174589f37 to 0x00007f917458a602
Event: 118,166 Thread 0x00007f9184011800 Implicit null exception at 0x00007f91745f2905 to 0x00007f91745fd382
Event: 118,180 Thread 0x00007f9184011800 Implicit null exception at 0x00007f91745bd7a2 to 0x00007f91745bdea2
Event: 118,268 Thread 0x00007f9184011800 Implicit null exception at 0x00007f91745e2ec1 to 0x00007f91745e3ec2

Events (10 events):
Event: 1002,244 Executing VM operation: G1CollectForAllocation done
Event: 1002,329 Executing VM operation: G1CollectForAllocation
Event: 1002,339 Executing VM operation: G1CollectForAllocation done
Event: 1002,862 Executing VM operation: G1CollectForAllocation
Event: 1002,945 Executing VM operation: G1CollectForAllocation done
Event: 1003,421 Executing VM operation: G1CollectForAllocation
Event: 1003,656 Executing VM operation: G1CollectForAllocation done
Event: 1005,848 Executing VM operation: G1CollectForAllocation
Event: 1006,240 Executing VM operation: G1CollectForAllocation done
Event: 1007,904 Executing VM operation: G1CollectForAllocation


Dynamic libraries:
c4200000-d1b00000 rw-p 00000000 00:00 0 
e3000000-ffe00000 ---p 00000000 00:00 0 
ffe00000-ffe34000 rw-p 01116000 08:15 5114794                            /usr/lib/jvm/java-11-openjdk-amd64/lib/server/classes.jsa
ffe34000-fff00000 rw-p 00000000 00:00 0 
fff00000-fff6a000 rw-p 010ac000 08:15 5114794                            /usr/lib/jvm/java-11-openjdk-amd64/lib/server/classes.jsa
fff6a000-100000000 rw-p 00000000 00:00 0 
800000000-800002000 rwxp 00001000 08:15 5114794                          /usr/lib/jvm/java-11-openjdk-amd64/lib/server/classes.jsa
800002000-8003bd000 rw-p 00003000 08:15 5114794                          /usr/lib/jvm/java-11-openjdk-amd64/lib/server/classes.jsa
8003bd000-800a98000 r--p 003be000 08:15 5114794                          /usr/lib/jvm/java-11-openjdk-amd64/lib/server/classes.jsa
800a98000-800a99000 rw-p 00a99000 08:15 5114794                          /usr/lib/jvm/java-11-openjdk-amd64/lib/server/classes.jsa
800a99000-8010ab000 r--p 00a9a000 08:15 5114794                          /usr/lib/jvm/java-11-openjdk-amd64/lib/server/classes.jsa
840000000-840200000 rw-p 00000000 00:00 0 
840200000-880000000 ---p 00000000 00:00 0 
560fec2c3000-560fec2c4000 r--p 00000000 08:15 5114489                    /usr/lib/jvm/java-11-openjdk-amd64/bin/java
560fec2c4000-560fec2c5000 r-xp 00001000 08:15 5114489                    /usr/lib/jvm/java-11-openjdk-amd64/bin/java
560fec2c5000-560fec2c6000 r--p 00002000 08:15 5114489                    /usr/lib/jvm/java-11-openjdk-amd64/bin/java
560fec2c6000-560fec2c7000 r--p 00002000 08:15 5114489                    /usr/lib/jvm/java-11-openjdk-amd64/bin/java
560fec2c7000-560fec2c8000 rw-p 00003000 08:15 5114489                    /usr/lib/jvm/java-11-openjdk-amd64/bin/java
560fec924000-560fec945000 rw-p 00000000 00:00 0                          [heap]
7f910c000000-7f910c021000 rw-p 00000000 00:00 0 
7f910c021000-7f9110000000 ---p 00000000 00:00 0 
7f9110000000-7f9110021000 rw-p 00000000 00:00 0 
7f9110021000-7f9114000000 ---p 00000000 00:00 0 
7f9114000000-7f9114021000 rw-p 00000000 00:00 0 
7f9114021000-7f9118000000 ---p 00000000 00:00 0 
7f9118000000-7f9118021000 rw-p 00000000 00:00 0 
7f9118021000-7f911c000000 ---p 00000000 00:00 0 
7f911c000000-7f911c021000 rw-p 00000000 00:00 0 
7f911c021000-7f9120000000 ---p 00000000 00:00 0 
7f9120000000-7f9120021000 rw-p 00000000 00:00 0 
7f9120021000-7f9124000000 ---p 00000000 00:00 0 
7f9124000000-7f9124021000 rw-p 00000000 00:00 0 
7f9124021000-7f9128000000 ---p 00000000 00:00 0 
7f9128000000-7f9128021000 rw-p 00000000 00:00 0 
7f9128021000-7f912c000000 ---p 00000000 00:00 0 
7f912c000000-7f912c021000 rw-p 00000000 00:00 0 
7f912c021000-7f9130000000 ---p 00000000 00:00 0 
7f9130000000-7f9130021000 rw-p 00000000 00:00 0 
7f9130021000-7f9134000000 ---p 00000000 00:00 0 
7f9134000000-7f9134dff000 rw-p 00000000 00:00 0 
7f9134dff000-7f9138000000 ---p 00000000 00:00 0 
7f9138000000-7f9138021000 rw-p 00000000 00:00 0 
7f9138021000-7f913c000000 ---p 00000000 00:00 0 
7f913c000000-7f913c021000 rw-p 00000000 00:00 0 
7f913c021000-7f9140000000 ---p 00000000 00:00 0 
7f9140000000-7f9142b42000 rw-p 00000000 00:00 0 
7f9142b42000-7f9144000000 ---p 00000000 00:00 0 
7f9144000000-7f9144021000 rw-p 00000000 00:00 0 
7f9144021000-7f9148000000 ---p 00000000 00:00 0 
7f9148000000-7f9148021000 rw-p 00000000 00:00 0 
7f9148021000-7f914c000000 ---p 00000000 00:00 0 
7f914c000000-7f914c084000 rw-p 00000000 00:00 0 
7f914c084000-7f9150000000 ---p 00000000 00:00 0 
7f9150000000-7f9150021000 rw-p 00000000 00:00 0 
7f9150021000-7f9154000000 ---p 00000000 00:00 0 
7f9154d8d000-7f9154f0d000 rw-p 00000000 00:00 0 
7f9154f0d000-7f9154f8d000 ---p 00000000 00:00 0 
7f91550b1000-7f91550b2000 ---p 00000000 00:00 0 
7f91550b2000-7f91551b3000 rw-p 00000000 00:00 0 
7f91551b3000-7f91551b4000 ---p 00000000 00:00 0 
7f91551b4000-7f91552b5000 rw-p 00000000 00:00 0 
7f91552b5000-7f91552bd000 r--p 00000000 08:15 5114648                    /usr/lib/jvm/java-11-openjdk-amd64/lib/libsunec.so
7f91552bd000-7f91552d5000 r-xp 00008000 08:15 5114648                    /usr/lib/jvm/java-11-openjdk-amd64/lib/libsunec.so
7f91552d5000-7f91552df000 r--p 00020000 08:15 5114648                    /usr/lib/jvm/java-11-openjdk-amd64/lib/libsunec.so
7f91552df000-7f91552e0000 ---p 0002a000 08:15 5114648                    /usr/lib/jvm/java-11-openjdk-amd64/lib/libsunec.so
7f91552e0000-7f91552e4000 r--p 0002a000 08:15 5114648                    /usr/lib/jvm/java-11-openjdk-amd64/lib/libsunec.so
7f91552e4000-7f91552e6000 rw-p 0002e000 08:15 5114648                    /usr/lib/jvm/java-11-openjdk-amd64/lib/libsunec.so
7f91552e6000-7f91554e6000 rw-p 00000000 00:00 0 
7f91554e6000-7f91554e7000 ---p 00000000 00:00 0 
7f91554e7000-7f91555e8000 rw-p 00000000 00:00 0 
7f91555e8000-7f91555e9000 ---p 00000000 00:00 0 
7f91555e9000-7f91556ea000 rw-p 00000000 00:00 0 
7f91556ea000-7f91556eb000 ---p 00000000 00:00 0 
7f91556eb000-7f91557ec000 rw-p 00000000 00:00 0 
7f91557ec000-7f91557f0000 ---p 00000000 00:00 0 
7f91557f0000-7f9155aed000 rw-p 00000000 00:00 0 
7f9155aed000-7f9155af1000 ---p 00000000 00:00 0 
7f9155af1000-7f9155c1f000 rw-p 00000000 00:00 0 
7f9155c1f000-7f9155c23000 r--p 00000000 08:15 5114642                    /usr/lib/jvm/java-11-openjdk-amd64/lib/libnet.so
7f9155c23000-7f9155c32000 r-xp 00004000 08:15 5114642                    /usr/lib/jvm/java-11-openjdk-amd64/lib/libnet.so
7f9155c32000-7f9155c36000 r--p 00013000 08:15 5114642                    /usr/lib/jvm/java-11-openjdk-amd64/lib/libnet.so
7f9155c36000-7f9155c37000 r--p 00016000 08:15 5114642                    /usr/lib/jvm/java-11-openjdk-amd64/lib/libnet.so
7f9155c37000-7f9155c38000 rw-p 00017000 08:15 5114642                    /usr/lib/jvm/java-11-openjdk-amd64/lib/libnet.so
7f9155c38000-7f9155c3f000 r--p 00000000 08:15 5114643                    /usr/lib/jvm/java-11-openjdk-amd64/lib/libnio.so
7f9155c3f000-7f9155c46000 r-xp 00007000 08:15 5114643                    /usr/lib/jvm/java-11-openjdk-amd64/lib/libnio.so
7f9155c46000-7f9155c49000 r--p 0000e000 08:15 5114643                    /usr/lib/jvm/java-11-openjdk-amd64/lib/libnio.so
7f9155c49000-7f9155c4a000 r--p 00010000 08:15 5114643                    /usr/lib/jvm/java-11-openjdk-amd64/lib/libnio.so
7f9155c4a000-7f9155c4b000 rw-p 00011000 08:15 5114643                    /usr/lib/jvm/java-11-openjdk-amd64/lib/libnio.so
7f9155c4b000-7f9155c4f000 ---p 00000000 00:00 0 
7f9155c4f000-7f9155d4c000 rw-p 00000000 00:00 0 
7f9155d4c000-7f9155d4d000 ---p 00000000 00:00 0 
7f9155d4d000-7f9155e4e000 rw-p 00000000 00:00 0 
7f9155e4e000-7f9155e52000 ---p 00000000 00:00 0 
7f9155e52000-7f9155f4f000 rw-p 00000000 00:00 0 
7f9155f4f000-7f9155f53000 ---p 00000000 00:00 0 
7f9155f53000-7f9156050000 rw-p 00000000 00:00 0 
7f9156050000-7f9156054000 ---p 00000000 00:00 0 
7f9156054000-7f9156151000 rw-p 00000000 00:00 0 
7f9156151000-7f9156155000 ---p 00000000 00:00 0 
7f9156155000-7f9156252000 rw-p 00000000 00:00 0 
7f9156252000-7f9156256000 ---p 00000000 00:00 0 
7f9156256000-7f9156353000 rw-p 00000000 00:00 0 
7f9156353000-7f91573f8000 r--p 00000000 08:15 5118991                    /usr/lib/locale/locale-archive
7f91573f8000-7f91573fc000 ---p 00000000 00:00 0 
7f91573fc000-7f91574f9000 rw-p 00000000 00:00 0 
7f91574f9000-7f91574fd000 ---p 00000000 00:00 0 
7f91574fd000-7f91575fa000 rw-p 00000000 00:00 0 
7f91575fa000-7f91575fb000 ---p 00000000 00:00 0 
7f91575fb000-7f9158000000 rw-p 00000000 00:00 0 
7f9158000000-7f9158021000 rw-p 00000000 00:00 0 
7f9158021000-7f915c000000 ---p 00000000 00:00 0 
7f915c000000-7f915c021000 rw-p 00000000 00:00 0 
7f915c021000-7f9160000000 ---p 00000000 00:00 0 
7f9160000000-7f9160021000 rw-p 00000000 00:00 0 
7f9160021000-7f9164000000 ---p 00000000 00:00 0 
7f916400c000-7f916400d000 ---p 00000000 00:00 0 
7f916400d000-7f916410e000 rw-p 00000000 00:00 0 
7f916410e000-7f916410f000 ---p 00000000 00:00 0 
7f916410f000-7f9166574000 rw-p 00000000 00:00 0 
7f9166574000-7f9167100000 ---p 00000000 00:00 0 
7f9167100000-7f916746c000 rw-p 00000000 00:00 0 
7f916746c000-7f9167ff8000 ---p 00000000 00:00 0 
7f9167ff8000-7f9168000000 rw-p 00000000 00:00 0 
7f9168000000-7f9168021000 rw-p 00000000 00:00 0 
7f9168021000-7f916c000000 ---p 00000000 00:00 0 
7f916c002000-7f916c004000 r--p 00000000 08:15 5114640                    /usr/lib/jvm/java-11-openjdk-amd64/lib/libmanagement_ext.so
7f916c004000-7f916c006000 r-xp 00002000 08:15 5114640                    /usr/lib/jvm/java-11-openjdk-amd64/lib/libmanagement_ext.so
7f916c006000-7f916c007000 r--p 00004000 08:15 5114640                    /usr/lib/jvm/java-11-openjdk-amd64/lib/libmanagement_ext.so
7f916c007000-7f916c008000 ---p 00005000 08:15 5114640                    /usr/lib/jvm/java-11-openjdk-amd64/lib/libmanagement_ext.so
7f916c008000-7f916c009000 r--p 00005000 08:15 5114640                    /usr/lib/jvm/java-11-openjdk-amd64/lib/libmanagement_ext.so
7f916c009000-7f916c00a000 rw-p 00006000 08:15 5114640                    /usr/lib/jvm/java-11-openjdk-amd64/lib/libmanagement_ext.so
7f916c00a000-7f916c854000 rw-p 00000000 00:00 0 
7f916c854000-7f916c855000 ---p 00000000 00:00 0 
7f916c855000-7f916c956000 rw-p 00000000 00:00 0 
7f916c956000-7f916cbc6000 rwxp 00000000 00:00 0 
7f916cbc6000-7f916cee7000 ---p 00000000 00:00 0 
7f916cee7000-7f916d5e7000 rwxp 00000000 00:00 0 
7f916d5e7000-7f917441e000 ---p 00000000 00:00 0 
7f917441e000-7f917469e000 rwxp 00000000 00:00 0 
7f917469e000-7f917b956000 ---p 00000000 00:00 0 
7f917b956000-7f9184000000 r--s 00000000 08:15 5114652                    /usr/lib/jvm/java-11-openjdk-amd64/lib/modules
7f9184000000-7f9184adb000 rw-p 00000000 00:00 0 
7f9184adb000-7f9188000000 ---p 00000000 00:00 0 
7f9188000000-7f9188001000 r--p 00000000 08:15 5114623                    /usr/lib/jvm/java-11-openjdk-amd64/lib/libextnet.so
7f9188001000-7f9188002000 r-xp 00001000 08:15 5114623                    /usr/lib/jvm/java-11-openjdk-amd64/lib/libextnet.so
7f9188002000-7f9188003000 r--p 00002000 08:15 5114623                    /usr/lib/jvm/java-11-openjdk-amd64/lib/libextnet.so
7f9188003000-7f9188004000 r--p 00002000 08:15 5114623                    /usr/lib/jvm/java-11-openjdk-amd64/lib/libextnet.so
7f9188004000-7f9188005000 rw-p 00003000 08:15 5114623                    /usr/lib/jvm/java-11-openjdk-amd64/lib/libextnet.so
7f9188005000-7f9188006000 ---p 00000000 00:00 0 
7f9188006000-7f91881b2000 rw-p 00000000 00:00 0 
7f91881b2000-7f9188323000 ---p 00000000 00:00 0 
7f9188323000-7f9188391000 rw-p 00000000 00:00 0 
7f9188391000-7f9188502000 ---p 00000000 00:00 0 
7f9188502000-7f9188570000 rw-p 00000000 00:00 0 
7f9188570000-7f91886e1000 ---p 00000000 00:00 0 
7f91886e1000-7f9188eea000 rw-p 00000000 00:00 0 
7f9188eea000-7f9188eeb000 ---p 00000000 00:00 0 
7f9188eeb000-7f9188ff1000 rw-p 00000000 00:00 0 
7f9188ff1000-7f91890d7000 ---p 00000000 00:00 0 
7f91890d7000-7f91890e5000 rw-p 00000000 00:00 0 
7f91890e5000-7f91891c2000 ---p 00000000 00:00 0 
7f91891c2000-7f91891c7000 rw-p 00000000 00:00 0 
7f91891c7000-7f91891ce000 ---p 00000000 00:00 0 
7f91891ce000-7f91891d1000 r--p 00000000 08:15 5120411                    /usr/lib/x86_64-linux-gnu/libnss_files-2.29.so
7f91891d1000-7f91891d8000 r-xp 00003000 08:15 5120411                    /usr/lib/x86_64-linux-gnu/libnss_files-2.29.so
7f91891d8000-7f91891da000 r--p 0000a000 08:15 5120411                    /usr/lib/x86_64-linux-gnu/libnss_files-2.29.so
7f91891da000-7f91891db000 r--p 0000b000 08:15 5120411                    /usr/lib/x86_64-linux-gnu/libnss_files-2.29.so
7f91891db000-7f91891dc000 rw-p 0000c000 08:15 5120411                    /usr/lib/x86_64-linux-gnu/libnss_files-2.29.so
7f91891dc000-7f91891e2000 rw-p 00000000 00:00 0 
7f91891e2000-7f91891e5000 r--p 00000000 08:15 5114638                    /usr/lib/jvm/java-11-openjdk-amd64/lib/libmanagement.so
7f91891e5000-7f91891e6000 r-xp 00003000 08:15 5114638                    /usr/lib/jvm/java-11-openjdk-amd64/lib/libmanagement.so
7f91891e6000-7f91891e7000 r--p 00004000 08:15 5114638                    /usr/lib/jvm/java-11-openjdk-amd64/lib/libmanagement.so
7f91891e7000-7f91891e8000 r--p 00004000 08:15 5114638                    /usr/lib/jvm/java-11-openjdk-amd64/lib/libmanagement.so
7f91891e8000-7f91891e9000 rw-p 00005000 08:15 5114638                    /usr/lib/jvm/java-11-openjdk-amd64/lib/libmanagement.so
7f91891e9000-7f91891eb000 r--s 00007000 08:15 5900913                    /usr/share/java/java-atk-wrapper.jar
7f91891eb000-7f91891ed000 r--p 00000000 08:15 5114634                    /usr/lib/jvm/java-11-openjdk-amd64/lib/libjimage.so
7f91891ed000-7f91891f0000 r-xp 00002000 08:15 5114634                    /usr/lib/jvm/java-11-openjdk-amd64/lib/libjimage.so
7f91891f0000-7f91891f2000 r--p 00005000 08:15 5114634                    /usr/lib/jvm/java-11-openjdk-amd64/lib/libjimage.so
7f91891f2000-7f91891f3000 r--p 00006000 08:15 5114634                    /usr/lib/jvm/java-11-openjdk-amd64/lib/libjimage.so
7f91891f3000-7f91891f4000 rw-p 00007000 08:15 5114634                    /usr/lib/jvm/java-11-openjdk-amd64/lib/libjimage.so
7f91891f4000-7f91891f6000 r--p 00000000 08:15 5114651                    /usr/lib/jvm/java-11-openjdk-amd64/lib/libzip.so
7f91891f6000-7f91891fa000 r-xp 00002000 08:15 5114651                    /usr/lib/jvm/java-11-openjdk-amd64/lib/libzip.so
7f91891fa000-7f91891fc000 r--p 00006000 08:15 5114651                    /usr/lib/jvm/java-11-openjdk-amd64/lib/libzip.so
7f91891fc000-7f91891fd000 r--p 00007000 08:15 5114651                    /usr/lib/jvm/java-11-openjdk-amd64/lib/libzip.so
7f91891fd000-7f91891fe000 rw-p 00008000 08:15 5114651                    /usr/lib/jvm/java-11-openjdk-amd64/lib/libzip.so
7f91891fe000-7f918920b000 r--p 00000000 08:15 5114630                    /usr/lib/jvm/java-11-openjdk-amd64/lib/libjava.so
7f918920b000-7f9189220000 r-xp 0000d000 08:15 5114630                    /usr/lib/jvm/java-11-openjdk-amd64/lib/libjava.so
7f9189220000-7f9189227000 r--p 00022000 08:15 5114630                    /usr/lib/jvm/java-11-openjdk-amd64/lib/libjava.so
7f9189227000-7f9189228000 r--p 00028000 08:15 5114630                    /usr/lib/jvm/java-11-openjdk-amd64/lib/libjava.so
7f9189228000-7f918922a000 rw-p 00029000 08:15 5114630                    /usr/lib/jvm/java-11-openjdk-amd64/lib/libjava.so
7f918922a000-7f918922d000 r--p 00000000 08:15 5120619                    /usr/lib/x86_64-linux-gnu/librt-2.29.so
7f918922d000-7f9189231000 r-xp 00003000 08:15 5120619                    /usr/lib/x86_64-linux-gnu/librt-2.29.so
7f9189231000-7f9189233000 r--p 00007000 08:15 5120619                    /usr/lib/x86_64-linux-gnu/librt-2.29.so
7f9189233000-7f9189234000 r--p 00008000 08:15 5120619                    /usr/lib/x86_64-linux-gnu/librt-2.29.so
7f9189234000-7f9189235000 rw-p 00009000 08:15 5120619                    /usr/lib/x86_64-linux-gnu/librt-2.29.so
7f9189235000-7f9189239000 ---p 00000000 00:00 0 
7f9189239000-7f9189336000 rw-p 00000000 00:00 0 
7f9189336000-7f9189339000 r--p 00000000 08:15 5112449                    /usr/lib/x86_64-linux-gnu/libgcc_s.so.1
7f9189339000-7f918934a000 r-xp 00003000 08:15 5112449                    /usr/lib/x86_64-linux-gnu/libgcc_s.so.1
7f918934a000-7f918934e000 r--p 00014000 08:15 5112449                    /usr/lib/x86_64-linux-gnu/libgcc_s.so.1
7f918934e000-7f918934f000 r--p 00017000 08:15 5112449                    /usr/lib/x86_64-linux-gnu/libgcc_s.so.1
7f918934f000-7f9189350000 rw-p 00018000 08:15 5112449                    /usr/lib/x86_64-linux-gnu/libgcc_s.so.1
7f9189350000-7f918935f000 r--p 00000000 08:15 5120283                    /usr/lib/x86_64-linux-gnu/libm-2.29.so
7f918935f000-7f9189405000 r-xp 0000f000 08:15 5120283                    /usr/lib/x86_64-linux-gnu/libm-2.29.so
7f9189405000-7f918949c000 r--p 000b5000 08:15 5120283                    /usr/lib/x86_64-linux-gnu/libm-2.29.so
7f918949c000-7f918949d000 r--p 0014b000 08:15 5120283                    /usr/lib/x86_64-linux-gnu/libm-2.29.so
7f918949d000-7f918949e000 rw-p 0014c000 08:15 5120283                    /usr/lib/x86_64-linux-gnu/libm-2.29.so
7f918949e000-7f9189533000 r--p 00000000 08:15 5112549                    /usr/lib/x86_64-linux-gnu/libstdc++.so.6.0.26
7f9189533000-7f9189625000 r-xp 00095000 08:15 5112549                    /usr/lib/x86_64-linux-gnu/libstdc++.so.6.0.26
7f9189625000-7f918966e000 r--p 00187000 08:15 5112549                    /usr/lib/x86_64-linux-gnu/libstdc++.so.6.0.26
7f918966e000-7f918966f000 ---p 001d0000 08:15 5112549                    /usr/lib/x86_64-linux-gnu/libstdc++.so.6.0.26
7f918966f000-7f918967a000 r--p 001d0000 08:15 5112549                    /usr/lib/x86_64-linux-gnu/libstdc++.so.6.0.26
7f918967a000-7f918967d000 rw-p 001db000 08:15 5112549                    /usr/lib/x86_64-linux-gnu/libstdc++.so.6.0.26
7f918967d000-7f9189680000 rw-p 00000000 00:00 0 
7f9189680000-7f91898ef000 r--p 00000000 08:15 5114657                    /usr/lib/jvm/java-11-openjdk-amd64/lib/server/libjvm.so
7f91898ef000-7f918a40f000 r-xp 0026f000 08:15 5114657                    /usr/lib/jvm/java-11-openjdk-amd64/lib/server/libjvm.so
7f918a40f000-7f918a648000 r--p 00d8f000 08:15 5114657                    /usr/lib/jvm/java-11-openjdk-amd64/lib/server/libjvm.so
7f918a648000-7f918a649000 ---p 00fc8000 08:15 5114657                    /usr/lib/jvm/java-11-openjdk-amd64/lib/server/libjvm.so
7f918a649000-7f918a706000 r--p 00fc8000 08:15 5114657                    /usr/lib/jvm/java-11-openjdk-amd64/lib/server/libjvm.so
7f918a706000-7f918a73f000 rw-p 01085000 08:15 5114657                    /usr/lib/jvm/java-11-openjdk-amd64/lib/server/libjvm.so
7f918a73f000-7f918a797000 rw-p 00000000 00:00 0 
7f918a797000-7f918a79e000 r--p 00000000 08:15 5120553                    /usr/lib/x86_64-linux-gnu/libpthread-2.29.so
7f918a79e000-7f918a7ad000 r-xp 00007000 08:15 5120553                    /usr/lib/x86_64-linux-gnu/libpthread-2.29.so
7f918a7ad000-7f918a7b2000 r--p 00016000 08:15 5120553                    /usr/lib/x86_64-linux-gnu/libpthread-2.29.so
7f918a7b2000-7f918a7b3000 r--p 0001a000 08:15 5120553                    /usr/lib/x86_64-linux-gnu/libpthread-2.29.so
7f918a7b3000-7f918a7b4000 rw-p 0001b000 08:15 5120553                    /usr/lib/x86_64-linux-gnu/libpthread-2.29.so
7f918a7b4000-7f918a7b8000 rw-p 00000000 00:00 0 
7f918a7b8000-7f918a7b9000 r--p 00000000 08:15 5119801                    /usr/lib/x86_64-linux-gnu/libdl-2.29.so
7f918a7b9000-7f918a7bb000 r-xp 00001000 08:15 5119801                    /usr/lib/x86_64-linux-gnu/libdl-2.29.so
7f918a7bb000-7f918a7bc000 r--p 00003000 08:15 5119801                    /usr/lib/x86_64-linux-gnu/libdl-2.29.so
7f918a7bc000-7f918a7bd000 r--p 00003000 08:15 5119801                    /usr/lib/x86_64-linux-gnu/libdl-2.29.so
7f918a7bd000-7f918a7be000 rw-p 00004000 08:15 5119801                    /usr/lib/x86_64-linux-gnu/libdl-2.29.so
7f918a7be000-7f918a7c0000 r--p 00000000 08:15 5120969                    /usr/lib/x86_64-linux-gnu/libz.so.1.2.11
7f918a7c0000-7f918a7d1000 r-xp 00002000 08:15 5120969                    /usr/lib/x86_64-linux-gnu/libz.so.1.2.11
7f918a7d1000-7f918a7d7000 r--p 00013000 08:15 5120969                    /usr/lib/x86_64-linux-gnu/libz.so.1.2.11
7f918a7d7000-7f918a7d8000 ---p 00019000 08:15 5120969                    /usr/lib/x86_64-linux-gnu/libz.so.1.2.11
7f918a7d8000-7f918a7d9000 r--p 00019000 08:15 5120969                    /usr/lib/x86_64-linux-gnu/libz.so.1.2.11
7f918a7d9000-7f918a7da000 rw-p 0001a000 08:15 5120969                    /usr/lib/x86_64-linux-gnu/libz.so.1.2.11
7f918a7da000-7f918a7ff000 r--p 00000000 08:15 5119664                    /usr/lib/x86_64-linux-gnu/libc-2.29.so
7f918a7ff000-7f918a972000 r-xp 00025000 08:15 5119664                    /usr/lib/x86_64-linux-gnu/libc-2.29.so
7f918a972000-7f918a9bb000 r--p 00198000 08:15 5119664                    /usr/lib/x86_64-linux-gnu/libc-2.29.so
7f918a9bb000-7f918a9be000 r--p 001e0000 08:15 5119664                    /usr/lib/x86_64-linux-gnu/libc-2.29.so
7f918a9be000-7f918a9c1000 rw-p 001e3000 08:15 5119664                    /usr/lib/x86_64-linux-gnu/libc-2.29.so
7f918a9c1000-7f918a9c5000 rw-p 00000000 00:00 0 
7f918a9c6000-7f918a9ce000 rw-s 00000000 08:15 5910482                    /tmp/hsperfdata_vutrian/8702
7f918a9ce000-7f918a9cf000 ---p 00000000 00:00 0 
7f918a9cf000-7f918a9d0000 r--p 00000000 00:00 0 
7f918a9d0000-7f918a9d5000 r--p 00000000 08:15 5114650                    /usr/lib/jvm/java-11-openjdk-amd64/lib/libverify.so
7f918a9d5000-7f918a9dc000 r-xp 00005000 08:15 5114650                    /usr/lib/jvm/java-11-openjdk-amd64/lib/libverify.so
7f918a9dc000-7f918a9de000 r--p 0000c000 08:15 5114650                    /usr/lib/jvm/java-11-openjdk-amd64/lib/libverify.so
7f918a9de000-7f918a9e0000 r--p 0000d000 08:15 5114650                    /usr/lib/jvm/java-11-openjdk-amd64/lib/libverify.so
7f918a9e0000-7f918a9e1000 rw-p 0000f000 08:15 5114650                    /usr/lib/jvm/java-11-openjdk-amd64/lib/libverify.so
7f918a9e1000-7f918a9e4000 r--p 00000000 08:15 5114614                    /usr/lib/jvm/java-11-openjdk-amd64/lib/jli/libjli.so
7f918a9e4000-7f918a9ee000 r-xp 00003000 08:15 5114614                    /usr/lib/jvm/java-11-openjdk-amd64/lib/jli/libjli.so
7f918a9ee000-7f918a9f1000 r--p 0000d000 08:15 5114614                    /usr/lib/jvm/java-11-openjdk-amd64/lib/jli/libjli.so
7f918a9f1000-7f918a9f2000 r--p 0000f000 08:15 5114614                    /usr/lib/jvm/java-11-openjdk-amd64/lib/jli/libjli.so
7f918a9f2000-7f918a9f3000 rw-p 00010000 08:15 5114614                    /usr/lib/jvm/java-11-openjdk-amd64/lib/jli/libjli.so
7f918a9f3000-7f918a9f5000 rw-p 00000000 00:00 0 
7f918a9f5000-7f918a9f6000 r--p 00000000 08:15 5119444                    /usr/lib/x86_64-linux-gnu/ld-2.29.so
7f918a9f6000-7f918aa17000 r-xp 00001000 08:15 5119444                    /usr/lib/x86_64-linux-gnu/ld-2.29.so
7f918aa17000-7f918aa1f000 r--p 00022000 08:15 5119444                    /usr/lib/x86_64-linux-gnu/ld-2.29.so
7f918aa1f000-7f918aa20000 r--p 00029000 08:15 5119444                    /usr/lib/x86_64-linux-gnu/ld-2.29.so
7f918aa20000-7f918aa21000 rw-p 0002a000 08:15 5119444                    /usr/lib/x86_64-linux-gnu/ld-2.29.so
7f918aa21000-7f918aa22000 rw-p 00000000 00:00 0 
7ffc1e145000-7ffc1e166000 rw-p 00000000 00:00 0                          [stack]
7ffc1e185000-7ffc1e188000 r--p 00000000 00:00 0                          [vvar]
7ffc1e188000-7ffc1e189000 r-xp 00000000 00:00 0                          [vdso]
ffffffffff600000-ffffffffff601000 r-xp 00000000 00:00 0                  [vsyscall]


VM Arguments:
jvm_args: -Dfile.encoding=UTF-8 
java_command: nhom12_oop.nhom12_oop.App
java_class_path (initial): /home/vutrian/eclipse-workspace/nhom12-oop/target/classes:/home/vutrian/.m2/repository/com/orientechnologies/orientdb-client/3.0.0/orientdb-client-3.0.0.jar:/home/vutrian/.m2/repository/com/orientechnologies/orientdb-core/3.0.0/orientdb-core-3.0.0.jar:/home/vutrian/.m2/repository/net/java/dev/jna/jna/4.5.0/jna-4.5.0.jar:/home/vutrian/.m2/repository/net/java/dev/jna/jna-platform/4.5.0/jna-platform-4.5.0.jar:/home/vutrian/.m2/repository/com/googlecode/concurrentlinkedhashmap/concurrentlinkedhashmap-lru/1.4.2/concurrentlinkedhashmap-lru-1.4.2.jar:/home/vutrian/.m2/repository/com/opencsv/opencsv/4.1/opencsv-4.1.jar:/home/vutrian/.m2/repository/org/apache/commons/commons-lang3/3.6/commons-lang3-3.6.jar:/home/vutrian/.m2/repository/org/apache/commons/commons-text/1.1/commons-text-1.1.jar:/home/vutrian/.m2/repository/commons-beanutils/commons-beanutils/1.9.3/commons-beanutils-1.9.3.jar:/home/vutrian/.m2/repository/commons-logging/commons-logging/1.2/commons-logging-1.2.jar:/home/vutrian/.m2/repository/commons-collections/commons-collections/3.2.2/commons-collections-3.2.2.jar:/home/vutrian/.m2/repository/com/googlecode/json-simple/json-simple/1.1.1/json-simple-1.1.1.jar:/home/vutrian/.m2/repository/junit/junit/4.10/junit-4.10.jar:/home/vutrian/.m2/repository/org/hamcrest/hamcrest-core/1.1/hamcrest-core-1.1.jar
Launcher Type: SUN_STANDARD

[Global flags]
     intx CICompilerCount                          = 4                                         {product} {ergonomic}
     uint ConcGCThreads                            = 2                                         {product} {ergonomic}
     uint G1ConcRefinementThreads                  = 8                                         {product} {ergonomic}
   size_t G1HeapRegionSize                         = 1048576                                   {product} {ergonomic}
    uintx GCDrainStackTargetSize                   = 64                                        {product} {ergonomic}
   size_t InitialHeapSize                          = 62914560                                  {product} {ergonomic}
   size_t MarkStackSize                            = 4194304                                   {product} {ergonomic}
   size_t MaxHeapSize                              = 1004535808                                {product} {ergonomic}
   size_t MaxNewSize                               = 601882624                                 {product} {ergonomic}
   size_t MinHeapDeltaBytes                        = 1048576                                   {product} {ergonomic}
    uintx NonNMethodCodeHeapSize                   = 5835340                                {pd product} {ergonomic}
    uintx NonProfiledCodeHeapSize                  = 122911450                              {pd product} {ergonomic}
    uintx ProfiledCodeHeapSize                     = 122911450                              {pd product} {ergonomic}
    uintx ReservedCodeCacheSize                    = 251658240                              {pd product} {ergonomic}
     bool SegmentedCodeCache                       = true                                      {product} {ergonomic}
     bool UseCompressedClassPointers               = true                                 {lp64_product} {ergonomic}
     bool UseCompressedOops                        = true                                 {lp64_product} {ergonomic}
     bool UseG1GC                                  = true                                      {product} {ergonomic}

Logging:
Log output configuration:
 #0: stdout all=warning uptime,level,tags
 #1: stderr all=off uptime,level,tags

Environment Variables:
PATH=/home/vutrian/.local/bin:/usr/local/sbin:/usr/local/bin:/usr/sbin:/usr/bin:/sbin:/bin:/usr/games:/usr/local/games:/snap/bin
USERNAME=vutrian
SHELL=/bin/bash
DISPLAY=:0

Signal Handlers:
SIGSEGV: [libjvm.so+0xd1cc80], sa_mask[0]=11111111011111111101111111111110, sa_flags=SA_RESTART|SA_SIGINFO
SIGBUS: [libjvm.so+0xd1cc80], sa_mask[0]=11111111011111111101111111111110, sa_flags=SA_RESTART|SA_SIGINFO
SIGFPE: [libjvm.so+0xd1cc80], sa_mask[0]=11111111011111111101111111111110, sa_flags=SA_RESTART|SA_SIGINFO
SIGPIPE: [libjvm.so+0xb239a0], sa_mask[0]=11111111011111111101111111111110, sa_flags=SA_RESTART|SA_SIGINFO
SIGXFSZ: [libjvm.so+0xb239a0], sa_mask[0]=11111111011111111101111111111110, sa_flags=SA_RESTART|SA_SIGINFO
SIGILL: [libjvm.so+0xd1cc80], sa_mask[0]=11111111011111111101111111111110, sa_flags=SA_RESTART|SA_SIGINFO
SIGUSR2: [libjvm.so+0xb23830], sa_mask[0]=00100000000000000000000000000000, sa_flags=SA_RESTART|SA_SIGINFO
SIGHUP: [libjvm.so+0xb23ce0], sa_mask[0]=11111111011111111101111111111110, sa_flags=SA_RESTART|SA_SIGINFO
SIGINT: [libjvm.so+0xb23ce0], sa_mask[0]=11111111011111111101111111111110, sa_flags=SA_RESTART|SA_SIGINFO
SIGTERM: [libjvm.so+0xb23ce0], sa_mask[0]=11111111011111111101111111111110, sa_flags=SA_RESTART|SA_SIGINFO
SIGQUIT: [libjvm.so+0xb23ce0], sa_mask[0]=11111111011111111101111111111110, sa_flags=SA_RESTART|SA_SIGINFO


---------------  S Y S T E M  ---------------

OS:DISTRIB_ID=Ubuntu
DISTRIB_RELEASE=19.04
DISTRIB_CODENAME=disco
DISTRIB_DESCRIPTION="Ubuntu 19.04"
uname:Linux 5.0.0-36-generic #39-Ubuntu SMP Tue Nov 12 09:46:06 UTC 2019 x86_64
libc:glibc 2.29 NPTL 2.29 
rlimit: STACK 8192k, CORE 0k, NPROC 15105, NOFILE 524288, AS infinity, DATA infinity, FSIZE infinity
load average:2,30 5,11 4,93

/proc/meminfo:
MemTotal:        3916188 kB
MemFree:          115856 kB
MemAvailable:      62824 kB
Buffers:             820 kB
Cached:           134184 kB
SwapCached:       113608 kB
Active:          2535848 kB
Inactive:         828704 kB
Active(anon):    2519576 kB
Inactive(anon):   802092 kB
Active(file):      16272 kB
Inactive(file):    26612 kB
Unevictable:       12336 kB
Mlocked:             272 kB
SwapTotal:       2097148 kB
SwapFree:             16 kB
Dirty:                40 kB
Writeback:             4 kB
AnonPages:       3130428 kB
Mapped:            37840 kB
Shmem:             91140 kB
KReclaimable:      97516 kB
Slab:             251064 kB
SReclaimable:      97516 kB
SUnreclaim:       153548 kB
KernelStack:       18624 kB
PageTables:        46736 kB
NFS_Unstable:          0 kB
Bounce:                0 kB
WritebackTmp:          0 kB
CommitLimit:     4055240 kB
Committed_AS:   11593152 kB
VmallocTotal:   34359738367 kB
VmallocUsed:           0 kB
VmallocChunk:          0 kB
Percpu:             4544 kB
HardwareCorrupted:     0 kB
AnonHugePages:         0 kB
ShmemHugePages:        0 kB
ShmemPmdMapped:        0 kB
CmaTotal:              0 kB
CmaFree:               0 kB
HugePages_Total:       0
HugePages_Free:        0
HugePages_Rsvd:        0
HugePages_Surp:        0
Hugepagesize:       2048 kB
Hugetlb:               0 kB
DirectMap4k:      355532 kB
DirectMap2M:     3719168 kB
DirectMap1G:           0 kB


/proc/sys/kernel/threads-max (system-wide limit on the number of threads):
30210


/proc/sys/vm/max_map_count (maximum number of memory map areas a process may have):
65530


/proc/sys/kernel/pid_max (system-wide limit on number of process identifiers):
32768



container (cgroup) information:
container_type: cgroupv1
cpu_cpuset_cpus: 0-7
cpu_memory_nodes: 0
active_processor_count: 8
cpu_quota: -1
cpu_period: 100000
cpu_shares: -1
memory_limit_in_bytes: -1
memory_and_swap_limit_in_bytes: -2
memory_soft_limit_in_bytes: -1
memory_usage_in_bytes: 3017904128
memory_max_usage_in_bytes: 3020083200

Steal ticks since vm start: 0
Steal ticks percentage since vm start:  0,000

CPU:total 8 (initial active 8) (4 cores per cpu, 2 threads per core) family 6 model 142 stepping 10, cmov, cx8, fxsr, mmx, sse, sse2, sse3, ssse3, sse4.1, sse4.2, popcnt, avx, avx2, aes, clmul, erms, 3dnowpref, lzcnt, ht, tsc, tscinvbit, bmi1, bmi2, adx, fma
CPU Model and flags from /proc/cpuinfo:
model name	: Intel(R) Core(TM) i5-8250U CPU @ 1.60GHz
flags		: fpu vme de pse tsc msr pae mce cx8 apic sep mtrr pge mca cmov pat pse36 clflush dts acpi mmx fxsr sse sse2 ss ht tm pbe syscall nx pdpe1gb rdtscp lm constant_tsc art arch_perfmon pebs bts rep_good nopl xtopology nonstop_tsc cpuid aperfmperf tsc_known_freq pni pclmulqdq dtes64 monitor ds_cpl vmx est tm2 ssse3 sdbg fma cx16 xtpr pdcm pcid sse4_1 sse4_2 x2apic movbe popcnt tsc_deadline_timer aes xsave avx f16c rdrand lahf_lm abm 3dnowprefetch cpuid_fault epb invpcid_single pti ssbd ibrs ibpb stibp tpr_shadow vnmi flexpriority ept vpid ept_ad fsgsbase tsc_adjust bmi1 avx2 smep bmi2 erms invpcid mpx rdseed adx smap clflushopt intel_pt xsaveopt xsavec xgetbv1 xsaves dtherm ida arat pln pts hwp hwp_notify hwp_act_window hwp_epp md_clear flush_l1d

Memory: 4k page, physical 3916188k(115856k free), swap 2097148k(16k free)

vm_info: OpenJDK 64-Bit Server VM (11.0.4+11-post-Ubuntu-1ubuntu219.04) for linux-amd64 JRE (11.0.4+11-post-Ubuntu-1ubuntu219.04), built on Jul 18 2019 18:21:46 by "buildd" with gcc 8.3.0

END.
